{"/home/travis/build/npmtest/node-npmtest-validator/test.js":{"path":"/home/travis/build/npmtest/node-npmtest-validator/test.js","s":{"1":2,"2":2,"3":2,"4":2,"5":2,"6":2,"7":2,"8":1,"9":2,"10":2,"11":1,"12":1,"13":1,"14":1,"15":2,"16":2,"17":2,"18":2,"19":1,"20":1,"21":2,"22":2,"23":2,"24":1,"25":1,"26":1,"27":1,"28":1,"29":1,"30":1,"31":1,"32":1,"33":1,"34":1,"35":1,"36":1,"37":1,"38":1,"39":2,"40":2,"41":1,"42":2,"43":2,"44":1,"45":2,"46":2,"47":1,"48":2,"49":2,"50":1,"51":1,"52":1,"53":1,"54":1},"b":{"1":[2,1,1,1],"2":[1,1,1,1],"3":[1,1],"4":[1,1],"5":[1,1],"6":[1,1],"7":[1,1],"8":[1,1],"9":[1,1],"10":[1,1,1],"11":[1,1],"12":[1,1],"13":[1,1],"14":[1,1],"15":[1,1],"16":[1,1],"17":[1,1]},"f":{"1":2,"2":2,"3":2,"4":2,"5":2,"6":1,"7":1,"8":1,"9":2,"10":2,"11":2,"12":2,"13":1},"fnMap":{"1":{"name":"(anonymous_1)","line":12,"loc":{"start":{"line":12,"column":1},"end":{"line":12,"column":13}}},"2":{"name":"(anonymous_2)","line":19,"loc":{"start":{"line":19,"column":5},"end":{"line":19,"column":17}}},"3":{"name":"(anonymous_3)","line":23,"loc":{"start":{"line":23,"column":24},"end":{"line":23,"column":36}}},"4":{"name":"(anonymous_4)","line":61,"loc":{"start":{"line":61,"column":5},"end":{"line":61,"column":17}}},"5":{"name":"(anonymous_5)","line":82,"loc":{"start":{"line":82,"column":5},"end":{"line":82,"column":17}}},"6":{"name":"(anonymous_6)","line":91,"loc":{"start":{"line":91,"column":77},"end":{"line":94,"column":10}}},"7":{"name":"(anonymous_7)","line":112,"loc":{"start":{"line":112,"column":83},"end":{"line":115,"column":10}},"skip":true},"8":{"name":"(anonymous_8)","line":123,"loc":{"start":{"line":123,"column":77},"end":{"line":126,"column":10}},"skip":true},"9":{"name":"(anonymous_9)","line":139,"loc":{"start":{"line":139,"column":12},"end":{"line":139,"column":40}},"skip":true},"10":{"name":"(anonymous_10)","line":147,"loc":{"start":{"line":147,"column":77},"end":{"line":150,"column":10}},"skip":true},"11":{"name":"(anonymous_11)","line":158,"loc":{"start":{"line":158,"column":83},"end":{"line":161,"column":10}},"skip":true},"12":{"name":"(anonymous_12)","line":169,"loc":{"start":{"line":169,"column":79},"end":{"line":172,"column":10}},"skip":true},"13":{"name":"(anonymous_13)","line":180,"loc":{"start":{"line":180,"column":75},"end":{"line":183,"column":10}},"skip":true}},"statementMap":{"1":{"start":{"line":12,"column":0},"end":{"line":195,"column":5}},"2":{"start":{"line":14,"column":4},"end":{"line":14,"column":14}},"3":{"start":{"line":19,"column":4},"end":{"line":56,"column":9}},"4":{"start":{"line":21,"column":8},"end":{"line":21,"column":19}},"5":{"start":{"line":23,"column":8},"end":{"line":35,"column":13}},"6":{"start":{"line":24,"column":12},"end":{"line":34,"column":13}},"7":{"start":{"line":25,"column":16},"end":{"line":28,"column":30}},"8":{"start":{"line":30,"column":16},"end":{"line":33,"column":27}},"9":{"start":{"line":37,"column":8},"end":{"line":39,"column":21}},"10":{"start":{"line":40,"column":8},"end":{"line":53,"column":9}},"11":{"start":{"line":43,"column":12},"end":{"line":46,"column":14}},"12":{"start":{"line":47,"column":12},"end":{"line":47,"column":18}},"13":{"start":{"line":50,"column":12},"end":{"line":51,"column":33}},"14":{"start":{"line":52,"column":12},"end":{"line":52,"column":18}},"15":{"start":{"line":55,"column":8},"end":{"line":55,"column":35}},"16":{"start":{"line":61,"column":4},"end":{"line":63,"column":9}},"17":{"start":{"line":62,"column":8},"end":{"line":62,"column":15}},"18":{"start":{"line":64,"column":4},"end":{"line":77,"column":5}},"19":{"start":{"line":70,"column":8},"end":{"line":70,"column":14}},"20":{"start":{"line":76,"column":8},"end":{"line":76,"column":14}},"21":{"start":{"line":82,"column":4},"end":{"line":84,"column":9}},"22":{"start":{"line":83,"column":8},"end":{"line":83,"column":15}},"23":{"start":{"line":85,"column":4},"end":{"line":194,"column":5}},"24":{"start":{"line":91,"column":8},"end":{"line":99,"column":10}},"25":{"start":{"line":98,"column":12},"end":{"line":98,"column":35}},"26":{"start":{"line":102,"column":8},"end":{"line":104,"column":63}},"27":{"start":{"line":105,"column":8},"end":{"line":105,"column":14}},"28":{"start":{"line":112,"column":8},"end":{"line":121,"column":10},"skip":true},"29":{"start":{"line":119,"column":12},"end":{"line":119,"column":55},"skip":true},"30":{"start":{"line":120,"column":12},"end":{"line":120,"column":48},"skip":true},"31":{"start":{"line":123,"column":8},"end":{"line":136,"column":10},"skip":true},"32":{"start":{"line":130,"column":12},"end":{"line":130,"column":76},"skip":true},"33":{"start":{"line":131,"column":12},"end":{"line":131,"column":73},"skip":true},"34":{"start":{"line":132,"column":12},"end":{"line":132,"column":74},"skip":true},"35":{"start":{"line":133,"column":12},"end":{"line":133,"column":79},"skip":true},"36":{"start":{"line":134,"column":12},"end":{"line":134,"column":25},"skip":true},"37":{"start":{"line":135,"column":12},"end":{"line":135,"column":45},"skip":true},"38":{"start":{"line":138,"column":8},"end":{"line":145,"column":14},"skip":true},"39":{"start":{"line":143,"column":16},"end":{"line":143,"column":29},"skip":true},"40":{"start":{"line":144,"column":16},"end":{"line":144,"column":55},"skip":true},"41":{"start":{"line":147,"column":8},"end":{"line":156,"column":10},"skip":true},"42":{"start":{"line":154,"column":12},"end":{"line":154,"column":25},"skip":true},"43":{"start":{"line":155,"column":12},"end":{"line":155,"column":45},"skip":true},"44":{"start":{"line":158,"column":8},"end":{"line":167,"column":10},"skip":true},"45":{"start":{"line":165,"column":12},"end":{"line":165,"column":25},"skip":true},"46":{"start":{"line":166,"column":12},"end":{"line":166,"column":48},"skip":true},"47":{"start":{"line":169,"column":8},"end":{"line":178,"column":10},"skip":true},"48":{"start":{"line":176,"column":12},"end":{"line":176,"column":25},"skip":true},"49":{"start":{"line":177,"column":12},"end":{"line":177,"column":46},"skip":true},"50":{"start":{"line":180,"column":8},"end":{"line":189,"column":10},"skip":true},"51":{"start":{"line":187,"column":12},"end":{"line":187,"column":94},"skip":true},"52":{"start":{"line":188,"column":12},"end":{"line":188,"column":48},"skip":true},"53":{"start":{"line":192,"column":8},"end":{"line":192,"column":35},"skip":true},"54":{"start":{"line":193,"column":8},"end":{"line":193,"column":14},"skip":true}},"branchMap":{"1":{"line":25,"type":"binary-expr","locations":[{"start":{"line":25,"column":23},"end":{"line":25,"column":62}},{"start":{"line":26,"column":20},"end":{"line":26,"column":70}},{"start":{"line":27,"column":20},"end":{"line":27,"column":71}},{"start":{"line":28,"column":20},"end":{"line":28,"column":29}}]},"2":{"line":30,"type":"binary-expr","locations":[{"start":{"line":30,"column":23},"end":{"line":30,"column":37}},{"start":{"line":31,"column":20},"end":{"line":31,"column":61}},{"start":{"line":32,"column":20},"end":{"line":32,"column":70}},{"start":{"line":33,"column":20},"end":{"line":33,"column":26}}]},"3":{"line":37,"type":"cond-expr","locations":[{"start":{"line":38,"column":14},"end":{"line":38,"column":20}},{"start":{"line":39,"column":14},"end":{"line":39,"column":20}}]},"4":{"line":40,"type":"switch","locations":[{"start":{"line":42,"column":8},"end":{"line":47,"column":18}},{"start":{"line":49,"column":8},"end":{"line":52,"column":18}}]},"5":{"line":44,"type":"binary-expr","locations":[{"start":{"line":44,"column":16},"end":{"line":44,"column":44}},{"start":{"line":44,"column":48},"end":{"line":44,"column":66}}]},"6":{"line":50,"type":"binary-expr","locations":[{"start":{"line":50,"column":21},"end":{"line":50,"column":49}},{"start":{"line":50,"column":53},"end":{"line":50,"column":72}}]},"7":{"line":64,"type":"switch","locations":[{"start":{"line":69,"column":4},"end":{"line":70,"column":14}},{"start":{"line":75,"column":4},"end":{"line":76,"column":14}}]},"8":{"line":85,"type":"switch","locations":[{"start":{"line":90,"column":4},"end":{"line":105,"column":14}},{"start":{"line":111,"column":4},"end":{"line":193,"column":14},"skip":true}]},"9":{"line":91,"type":"binary-expr","locations":[{"start":{"line":91,"column":42},"end":{"line":91,"column":73}},{"start":{"line":91,"column":77},"end":{"line":99,"column":9}}]},"10":{"line":102,"type":"binary-expr","locations":[{"start":{"line":102,"column":18},"end":{"line":102,"column":32}},{"start":{"line":103,"column":12},"end":{"line":103,"column":53}},{"start":{"line":104,"column":12},"end":{"line":104,"column":61}}]},"11":{"line":112,"type":"binary-expr","locations":[{"start":{"line":112,"column":45},"end":{"line":112,"column":79},"skip":true},{"start":{"line":112,"column":83},"end":{"line":121,"column":9},"skip":true}]},"12":{"line":123,"type":"binary-expr","locations":[{"start":{"line":123,"column":42},"end":{"line":123,"column":73},"skip":true},{"start":{"line":123,"column":77},"end":{"line":136,"column":9},"skip":true}]},"13":{"line":138,"type":"binary-expr","locations":[{"start":{"line":138,"column":48},"end":{"line":138,"column":85},"skip":true},{"start":{"line":139,"column":12},"end":{"line":145,"column":13},"skip":true}]},"14":{"line":147,"type":"binary-expr","locations":[{"start":{"line":147,"column":42},"end":{"line":147,"column":73},"skip":true},{"start":{"line":147,"column":77},"end":{"line":156,"column":9},"skip":true}]},"15":{"line":158,"type":"binary-expr","locations":[{"start":{"line":158,"column":45},"end":{"line":158,"column":79},"skip":true},{"start":{"line":158,"column":83},"end":{"line":167,"column":9},"skip":true}]},"16":{"line":169,"type":"binary-expr","locations":[{"start":{"line":169,"column":43},"end":{"line":169,"column":75},"skip":true},{"start":{"line":169,"column":79},"end":{"line":178,"column":9},"skip":true}]},"17":{"line":180,"type":"binary-expr","locations":[{"start":{"line":180,"column":41},"end":{"line":180,"column":71},"skip":true},{"start":{"line":180,"column":75},"end":{"line":189,"column":9},"skip":true}]}},"code":["/* istanbul instrument in package npmtest_validator */","/*jslint","    bitwise: true,","    browser: true,","    maxerr: 8,","    maxlen: 96,","    node: true,","    nomen: true,","    regexp: true,","    stupid: true","*/","(function () {","    'use strict';","    var local;","","","","    // run shared js-env code - init-before","    (function () {","        // init local","        local = {};","        // init modeJs","        local.modeJs = (function () {","            try {","                return typeof navigator.userAgent === 'string' &&","                    typeof document.querySelector('body') === 'object' &&","                    typeof XMLHttpRequest.prototype.open === 'function' &&","                    'browser';","            } catch (errorCaughtBrowser) {","                return module.exports &&","                    typeof process.versions.node === 'string' &&","                    typeof require('http').createServer === 'function' &&","                    'node';","            }","        }());","        // init global","        local.global = local.modeJs === 'browser'","            ? window","            : global;","        switch (local.modeJs) {","        // re-init local from window.local","        case 'browser':","            local = local.global.utility2.objectSetDefault(","                local.global.utility2_rollup || local.global.local,","                local.global.utility2","            );","            break;","        // re-init local from example.js","        case 'node':","            local = (local.global.utility2_rollup || require('utility2'))","                .requireReadme();","            break;","        }","        // export local","        local.global.local = local;","    }());","","","","    // run shared js-env code - function","    (function () {","        return;","    }());","    switch (local.modeJs) {","","","","    // run browser js-env code - function","    case 'browser':","        break;","","","","    // run node js-env code - function","    case 'node':","        break;","    }","","","","    // run shared js-env code - init-after","    (function () {","        return;","    }());","    switch (local.modeJs) {","","","","    // run browser js-env code - init-after","    case 'browser':","        local.testCase_browser_nullCase = local.testCase_browser_nullCase || function (","            options,","            onError","        ) {","        /*","         * this function will test browsers's null-case handling-behavior-behavior","         */","            onError(null, options);","        };","","        // run tests","        local.nop(local.modeTest &&","            document.querySelector('#testRunButton1') &&","            document.querySelector('#testRunButton1').click());","        break;","","","","    // run node js-env code - init-after","    /* istanbul ignore next */","    case 'node':","        local.testCase_buildApidoc_default = local.testCase_buildApidoc_default || function (","            options,","            onError","        ) {","        /*","         * this function will test buildApidoc's default handling-behavior-behavior","         */","            options = { modulePathList: module.paths };","            local.buildApidoc(options, onError);","        };","","        local.testCase_buildApp_default = local.testCase_buildApp_default || function (","            options,","            onError","        ) {","        /*","         * this function will test buildApp's default handling-behavior-behavior","         */","            local.testCase_buildReadme_default(options, local.onErrorThrow);","            local.testCase_buildLib_default(options, local.onErrorThrow);","            local.testCase_buildTest_default(options, local.onErrorThrow);","            local.testCase_buildCustomOrg_default(options, local.onErrorThrow);","            options = [];","            local.buildApp(options, onError);","        };","","        local.testCase_buildCustomOrg_default = local.testCase_buildCustomOrg_default ||","            function (options, onError) {","            /*","             * this function will test buildCustomOrg's default handling-behavior","             */","                options = {};","                local.buildCustomOrg(options, onError);","            };","","        local.testCase_buildLib_default = local.testCase_buildLib_default || function (","            options,","            onError","        ) {","        /*","         * this function will test buildLib's default handling-behavior","         */","            options = {};","            local.buildLib(options, onError);","        };","","        local.testCase_buildReadme_default = local.testCase_buildReadme_default || function (","            options,","            onError","        ) {","        /*","         * this function will test buildReadme's default handling-behavior-behavior","         */","            options = {};","            local.buildReadme(options, onError);","        };","","        local.testCase_buildTest_default = local.testCase_buildTest_default || function (","            options,","            onError","        ) {","        /*","         * this function will test buildTest's default handling-behavior","         */","            options = {};","            local.buildTest(options, onError);","        };","","        local.testCase_webpage_default = local.testCase_webpage_default || function (","            options,","            onError","        ) {","        /*","         * this function will test webpage's default handling-behavior","         */","            options = { modeCoverageMerge: true, url: local.serverLocalHost + '?modeTest=1' };","            local.browserTest(options, onError);","        };","","        // run test-server","        local.testRunServer(local);","        break;","    }","}());",""],"l":{"12":2,"14":2,"19":2,"21":2,"23":2,"24":2,"25":2,"30":1,"37":2,"40":2,"43":1,"47":1,"50":1,"52":1,"55":2,"61":2,"62":2,"64":2,"70":1,"76":1,"82":2,"83":2,"85":2,"91":1,"98":1,"102":1,"105":1,"112":1,"119":1,"120":1,"123":1,"130":1,"131":1,"132":1,"133":1,"134":1,"135":1,"138":1,"143":2,"144":2,"147":1,"154":2,"155":2,"158":1,"165":2,"166":2,"169":1,"176":2,"177":2,"180":1,"187":1,"188":1,"192":1,"193":1}},"/home/travis/build/npmtest/node-npmtest-validator/lib.npmtest_validator.js":{"path":"/home/travis/build/npmtest/node-npmtest-validator/lib.npmtest_validator.js","s":{"1":2,"2":2,"3":2,"4":2,"5":2,"6":2,"7":2,"8":1,"9":2,"10":2,"11":2,"12":2,"13":1,"14":1,"15":1,"16":1},"b":{"1":[2,1,1,1],"2":[1,1,1,1],"3":[1,1],"4":[2,2],"5":[1,1]},"f":{"1":2,"2":2,"3":2},"fnMap":{"1":{"name":"(anonymous_1)","line":12,"loc":{"start":{"line":12,"column":1},"end":{"line":12,"column":13}}},"2":{"name":"(anonymous_2)","line":19,"loc":{"start":{"line":19,"column":5},"end":{"line":19,"column":17}}},"3":{"name":"(anonymous_3)","line":23,"loc":{"start":{"line":23,"column":24},"end":{"line":23,"column":36}}}},"statementMap":{"1":{"start":{"line":12,"column":0},"end":{"line":53,"column":5}},"2":{"start":{"line":14,"column":4},"end":{"line":14,"column":14}},"3":{"start":{"line":19,"column":4},"end":{"line":52,"column":9}},"4":{"start":{"line":21,"column":8},"end":{"line":21,"column":19}},"5":{"start":{"line":23,"column":8},"end":{"line":35,"column":13}},"6":{"start":{"line":24,"column":12},"end":{"line":34,"column":13}},"7":{"start":{"line":25,"column":16},"end":{"line":28,"column":30}},"8":{"start":{"line":30,"column":16},"end":{"line":33,"column":27}},"9":{"start":{"line":37,"column":8},"end":{"line":39,"column":21}},"10":{"start":{"line":41,"column":8},"end":{"line":41,"column":54}},"11":{"start":{"line":43,"column":8},"end":{"line":43,"column":54}},"12":{"start":{"line":45,"column":8},"end":{"line":51,"column":9}},"13":{"start":{"line":46,"column":12},"end":{"line":46,"column":60}},"14":{"start":{"line":48,"column":12},"end":{"line":48,"column":35}},"15":{"start":{"line":49,"column":12},"end":{"line":49,"column":49}},"16":{"start":{"line":50,"column":12},"end":{"line":50,"column":43}}},"branchMap":{"1":{"line":25,"type":"binary-expr","locations":[{"start":{"line":25,"column":23},"end":{"line":25,"column":62}},{"start":{"line":26,"column":20},"end":{"line":26,"column":70}},{"start":{"line":27,"column":20},"end":{"line":27,"column":71}},{"start":{"line":28,"column":20},"end":{"line":28,"column":29}}]},"2":{"line":30,"type":"binary-expr","locations":[{"start":{"line":30,"column":23},"end":{"line":30,"column":37}},{"start":{"line":31,"column":20},"end":{"line":31,"column":61}},{"start":{"line":32,"column":20},"end":{"line":32,"column":70}},{"start":{"line":33,"column":20},"end":{"line":33,"column":26}}]},"3":{"line":37,"type":"cond-expr","locations":[{"start":{"line":38,"column":14},"end":{"line":38,"column":20}},{"start":{"line":39,"column":14},"end":{"line":39,"column":20}}]},"4":{"line":41,"type":"binary-expr","locations":[{"start":{"line":41,"column":16},"end":{"line":41,"column":44}},{"start":{"line":41,"column":48},"end":{"line":41,"column":53}}]},"5":{"line":45,"type":"if","locations":[{"start":{"line":45,"column":8},"end":{"line":45,"column":8}},{"start":{"line":45,"column":8},"end":{"line":45,"column":8}}]}},"code":["/* istanbul instrument in package npmtest_validator */","/*jslint","    bitwise: true,","    browser: true,","    maxerr: 8,","    maxlen: 96,","    node: true,","    nomen: true,","    regexp: true,","    stupid: true","*/","(function () {","    'use strict';","    var local;","","","","    // run shared js-env code - init-before","    (function () {","        // init local","        local = {};","        // init modeJs","        local.modeJs = (function () {","            try {","                return typeof navigator.userAgent === 'string' &&","                    typeof document.querySelector('body') === 'object' &&","                    typeof XMLHttpRequest.prototype.open === 'function' &&","                    'browser';","            } catch (errorCaughtBrowser) {","                return module.exports &&","                    typeof process.versions.node === 'string' &&","                    typeof require('http').createServer === 'function' &&","                    'node';","            }","        }());","        // init global","        local.global = local.modeJs === 'browser'","            ? window","            : global;","        // init utility2_rollup","        local = local.global.utility2_rollup || local;","        // init lib","        local.local = local.npmtest_validator = local;","        // init exports","        if (local.modeJs === 'browser') {","            local.global.utility2_npmtest_validator = local;","        } else {","            module.exports = local;","            module.exports.__dirname = __dirname;","            module.exports.module = module;","        }","    }());","}());",""],"l":{"12":2,"14":2,"19":2,"21":2,"23":2,"24":2,"25":2,"30":1,"37":2,"41":2,"43":2,"45":2,"46":1,"48":1,"49":1,"50":1}},"/home/travis/build/npmtest/node-npmtest-validator/example.js":{"path":"/home/travis/build/npmtest/node-npmtest-validator/example.js","s":{"1":2,"2":2,"3":2,"4":2,"5":2,"6":2,"7":2,"8":1,"9":2,"10":2,"11":2,"12":2,"13":1,"14":2,"15":2,"16":2,"17":2,"18":2,"19":0,"20":2,"21":1,"22":1,"23":1,"24":1,"25":1,"26":0,"27":0,"28":1,"29":1,"30":2,"31":0,"32":0,"33":0,"34":1,"35":2,"36":2,"37":3,"38":3,"39":3,"40":3,"41":0,"42":3,"43":3,"44":3,"45":1,"46":3,"47":1,"48":1,"49":1,"50":1,"51":1,"52":1,"53":1,"54":1,"55":1,"56":1,"57":0,"58":1,"59":6,"60":6,"61":1,"62":2,"63":0,"64":2,"65":1,"66":1,"67":0,"68":0,"69":0,"70":0,"71":0,"72":0,"73":0,"74":0,"75":0,"76":0,"77":0,"78":0,"79":0,"80":0,"81":0,"82":0,"83":0},"b":{"1":[2,1,1,1],"2":[1,1,1,1],"3":[1,1],"4":[2,2],"5":[1,1],"6":[1,1],"7":[2,0],"8":[2,1,1,1,1,1],"9":[0,2,0],"10":[1,1],"11":[2,1,1],"12":[1,0],"13":[0,2],"14":[2,0,0,0,0,0,0],"15":[0,3],"16":[3,0],"17":[1,1],"18":[0,1],"19":[1,2,0,2],"20":[1,0],"21":[1,1],"22":[0,0],"23":[0,0],"24":[0,0],"25":[0,0],"26":[0,0],"27":[0,0],"28":[0,0]},"f":{"1":2,"2":2,"3":2,"4":2,"5":2,"6":2,"7":3,"8":3,"9":3,"10":1,"11":6,"12":0},"fnMap":{"1":{"name":"(anonymous_1)","line":26,"loc":{"start":{"line":26,"column":1},"end":{"line":26,"column":13}}},"2":{"name":"(anonymous_2)","line":33,"loc":{"start":{"line":33,"column":5},"end":{"line":33,"column":17}}},"3":{"name":"(anonymous_3)","line":37,"loc":{"start":{"line":37,"column":24},"end":{"line":37,"column":36}}},"4":{"name":"(anonymous_4)","line":69,"loc":{"start":{"line":69,"column":31},"end":{"line":69,"column":48}},"skip":true},"5":{"name":"(anonymous_5)","line":78,"loc":{"start":{"line":78,"column":26},"end":{"line":78,"column":45}},"skip":true},"6":{"name":"(anonymous_6)","line":123,"loc":{"start":{"line":123,"column":33},"end":{"line":123,"column":48}},"skip":true},"7":{"name":"(anonymous_7)","line":125,"loc":{"start":{"line":125,"column":27},"end":{"line":125,"column":39}},"skip":true},"8":{"name":"(anonymous_8)","line":133,"loc":{"start":{"line":133,"column":59},"end":{"line":133,"column":74}},"skip":true},"9":{"name":"(anonymous_9)","line":143,"loc":{"start":{"line":143,"column":45},"end":{"line":143,"column":62}},"skip":true},"10":{"name":"(anonymous_10)","line":144,"loc":{"start":{"line":144,"column":73},"end":{"line":144,"column":92}},"skip":true},"11":{"name":"(anonymous_11)","line":272,"loc":{"start":{"line":272,"column":51},"end":{"line":272,"column":77}},"skip":true},"12":{"name":"(anonymous_12)","line":315,"loc":{"start":{"line":315,"column":32},"end":{"line":315,"column":61}},"skip":true}},"statementMap":{"1":{"start":{"line":26,"column":0},"end":{"line":326,"column":5}},"2":{"start":{"line":28,"column":4},"end":{"line":28,"column":14}},"3":{"start":{"line":33,"column":4},"end":{"line":60,"column":9}},"4":{"start":{"line":35,"column":8},"end":{"line":35,"column":19}},"5":{"start":{"line":37,"column":8},"end":{"line":49,"column":13}},"6":{"start":{"line":38,"column":12},"end":{"line":48,"column":13}},"7":{"start":{"line":39,"column":16},"end":{"line":42,"column":30}},"8":{"start":{"line":44,"column":16},"end":{"line":47,"column":27}},"9":{"start":{"line":51,"column":8},"end":{"line":53,"column":21}},"10":{"start":{"line":55,"column":8},"end":{"line":57,"column":45}},"11":{"start":{"line":59,"column":8},"end":{"line":59,"column":35}},"12":{"start":{"line":61,"column":4},"end":{"line":325,"column":5}},"13":{"start":{"line":69,"column":8},"end":{"line":121,"column":10},"skip":true},"14":{"start":{"line":70,"column":12},"end":{"line":88,"column":13},"skip":true},"15":{"start":{"line":76,"column":16},"end":{"line":87,"column":19},"skip":true},"16":{"start":{"line":79,"column":20},"end":{"line":86,"column":21},"skip":true},"17":{"start":{"line":82,"column":24},"end":{"line":82,"column":43},"skip":true},"18":{"start":{"line":83,"column":24},"end":{"line":83,"column":30},"skip":true},"19":{"start":{"line":85,"column":24},"end":{"line":85,"column":49},"skip":true},"20":{"start":{"line":89,"column":12},"end":{"line":107,"column":13},"skip":true},"21":{"start":{"line":92,"column":16},"end":{"line":102,"column":17},"skip":true},"22":{"start":{"line":93,"column":20},"end":{"line":93,"column":86},"skip":true},"23":{"start":{"line":94,"column":20},"end":{"line":95,"column":45},"skip":true},"24":{"start":{"line":96,"column":20},"end":{"line":96,"column":42},"skip":true},"25":{"start":{"line":97,"column":20},"end":{"line":97,"column":48},"skip":true},"26":{"start":{"line":100,"column":20},"end":{"line":100,"column":85},"skip":true},"27":{"start":{"line":101,"column":20},"end":{"line":101,"column":96},"skip":true},"28":{"start":{"line":103,"column":16},"end":{"line":103,"column":22},"skip":true},"29":{"start":{"line":106,"column":16},"end":{"line":106,"column":22},"skip":true},"30":{"start":{"line":108,"column":12},"end":{"line":120,"column":13},"skip":true},"31":{"start":{"line":114,"column":16},"end":{"line":119,"column":17},"skip":true},"32":{"start":{"line":116,"column":20},"end":{"line":116,"column":78},"skip":true},"33":{"start":{"line":118,"column":20},"end":{"line":118,"column":47},"skip":true},"34":{"start":{"line":123,"column":8},"end":{"line":141,"column":11},"skip":true},"35":{"start":{"line":124,"column":12},"end":{"line":124,"column":54},"skip":true},"36":{"start":{"line":125,"column":12},"end":{"line":140,"column":14},"skip":true},"37":{"start":{"line":126,"column":16},"end":{"line":126,"column":28},"skip":true},"38":{"start":{"line":127,"column":16},"end":{"line":127,"column":69},"skip":true},"39":{"start":{"line":128,"column":16},"end":{"line":128,"column":75},"skip":true},"40":{"start":{"line":129,"column":16},"end":{"line":131,"column":17},"skip":true},"41":{"start":{"line":130,"column":20},"end":{"line":130,"column":27},"skip":true},"42":{"start":{"line":133,"column":16},"end":{"line":137,"column":36},"skip":true},"43":{"start":{"line":134,"column":20},"end":{"line":136,"column":55},"skip":true},"44":{"start":{"line":139,"column":16},"end":{"line":139,"column":57},"skip":true},"45":{"start":{"line":143,"column":8},"end":{"line":147,"column":11},"skip":true},"46":{"start":{"line":144,"column":12},"end":{"line":146,"column":15},"skip":true},"47":{"start":{"line":145,"column":16},"end":{"line":145,"column":70},"skip":true},"48":{"start":{"line":149,"column":8},"end":{"line":149,"column":31},"skip":true},"49":{"start":{"line":150,"column":8},"end":{"line":150,"column":14},"skip":true},"50":{"start":{"line":158,"column":8},"end":{"line":158,"column":31},"skip":true},"51":{"start":{"line":160,"column":8},"end":{"line":160,"column":33},"skip":true},"52":{"start":{"line":161,"column":8},"end":{"line":161,"column":37},"skip":true},"53":{"start":{"line":162,"column":8},"end":{"line":162,"column":35},"skip":true},"54":{"start":{"line":164,"column":8},"end":{"line":164,"column":50},"skip":true},"55":{"start":{"line":166,"column":8},"end":{"line":256,"column":2},"skip":true},"56":{"start":{"line":258,"column":8},"end":{"line":286,"column":9},"skip":true},"57":{"start":{"line":259,"column":12},"end":{"line":269,"column":14},"skip":true},"58":{"start":{"line":271,"column":12},"end":{"line":285,"column":19},"skip":true},"59":{"start":{"line":274,"column":20},"end":{"line":274,"column":35},"skip":true},"60":{"start":{"line":275,"column":20},"end":{"line":284,"column":21},"skip":true},"61":{"start":{"line":277,"column":24},"end":{"line":277,"column":64},"skip":true},"62":{"start":{"line":279,"column":24},"end":{"line":279,"column":40},"skip":true},"63":{"start":{"line":281,"column":24},"end":{"line":281,"column":40},"skip":true},"64":{"start":{"line":283,"column":24},"end":{"line":283,"column":39},"skip":true},"65":{"start":{"line":288,"column":8},"end":{"line":290,"column":9},"skip":true},"66":{"start":{"line":289,"column":12},"end":{"line":289,"column":18},"skip":true},"67":{"start":{"line":291,"column":8},"end":{"line":293,"column":54},"skip":true},"68":{"start":{"line":296,"column":8},"end":{"line":301,"column":37},"skip":true},"69":{"start":{"line":303,"column":8},"end":{"line":303,"column":82},"skip":true},"70":{"start":{"line":306,"column":8},"end":{"line":308,"column":9},"skip":true},"71":{"start":{"line":307,"column":12},"end":{"line":307,"column":82},"skip":true},"72":{"start":{"line":310,"column":8},"end":{"line":312,"column":9},"skip":true},"73":{"start":{"line":311,"column":12},"end":{"line":311,"column":18},"skip":true},"74":{"start":{"line":313,"column":8},"end":{"line":313,"column":54},"skip":true},"75":{"start":{"line":314,"column":8},"end":{"line":314,"column":69},"skip":true},"76":{"start":{"line":315,"column":8},"end":{"line":323,"column":36},"skip":true},"77":{"start":{"line":316,"column":12},"end":{"line":316,"column":61},"skip":true},"78":{"start":{"line":317,"column":12},"end":{"line":320,"column":13},"skip":true},"79":{"start":{"line":318,"column":16},"end":{"line":318,"column":75},"skip":true},"80":{"start":{"line":319,"column":16},"end":{"line":319,"column":23},"skip":true},"81":{"start":{"line":321,"column":12},"end":{"line":321,"column":38},"skip":true},"82":{"start":{"line":322,"column":12},"end":{"line":322,"column":27},"skip":true},"83":{"start":{"line":324,"column":8},"end":{"line":324,"column":14},"skip":true}},"branchMap":{"1":{"line":39,"type":"binary-expr","locations":[{"start":{"line":39,"column":23},"end":{"line":39,"column":62}},{"start":{"line":40,"column":20},"end":{"line":40,"column":70}},{"start":{"line":41,"column":20},"end":{"line":41,"column":71}},{"start":{"line":42,"column":20},"end":{"line":42,"column":29}}]},"2":{"line":44,"type":"binary-expr","locations":[{"start":{"line":44,"column":23},"end":{"line":44,"column":37}},{"start":{"line":45,"column":20},"end":{"line":45,"column":61}},{"start":{"line":46,"column":20},"end":{"line":46,"column":70}},{"start":{"line":47,"column":20},"end":{"line":47,"column":26}}]},"3":{"line":51,"type":"cond-expr","locations":[{"start":{"line":52,"column":14},"end":{"line":52,"column":20}},{"start":{"line":53,"column":14},"end":{"line":53,"column":20}}]},"4":{"line":55,"type":"binary-expr","locations":[{"start":{"line":55,"column":16},"end":{"line":55,"column":44}},{"start":{"line":55,"column":49},"end":{"line":57,"column":43}}]},"5":{"line":55,"type":"cond-expr","locations":[{"start":{"line":56,"column":14},"end":{"line":56,"column":53}},{"start":{"line":57,"column":14},"end":{"line":57,"column":43}}]},"6":{"line":61,"type":"switch","locations":[{"start":{"line":68,"column":4},"end":{"line":150,"column":14},"skip":true},{"start":{"line":156,"column":4},"end":{"line":324,"column":14},"skip":true}]},"7":{"line":70,"type":"if","locations":[{"start":{"line":70,"column":12},"end":{"line":70,"column":12},"skip":true},{"start":{"line":70,"column":12},"end":{"line":70,"column":12},"skip":true}]},"8":{"line":70,"type":"binary-expr","locations":[{"start":{"line":70,"column":16},"end":{"line":70,"column":22},"skip":true},{"start":{"line":70,"column":27},"end":{"line":70,"column":32},"skip":true},{"start":{"line":71,"column":20},"end":{"line":71,"column":39},"skip":true},{"start":{"line":72,"column":20},"end":{"line":72,"column":49},"skip":true},{"start":{"line":73,"column":20},"end":{"line":73,"column":58},"skip":true},{"start":{"line":74,"column":20},"end":{"line":74,"column":69},"skip":true}]},"9":{"line":79,"type":"switch","locations":[{"start":{"line":80,"column":20},"end":{"line":80,"column":33},"skip":true},{"start":{"line":81,"column":20},"end":{"line":83,"column":30},"skip":true},{"start":{"line":84,"column":20},"end":{"line":85,"column":49},"skip":true}]},"10":{"line":89,"type":"switch","locations":[{"start":{"line":90,"column":12},"end":{"line":103,"column":22},"skip":true},{"start":{"line":105,"column":12},"end":{"line":106,"column":22},"skip":true}]},"11":{"line":89,"type":"binary-expr","locations":[{"start":{"line":89,"column":20},"end":{"line":89,"column":25},"skip":true},{"start":{"line":89,"column":29},"end":{"line":89,"column":48},"skip":true},{"start":{"line":89,"column":52},"end":{"line":89,"column":74},"skip":true}]},"12":{"line":92,"type":"if","locations":[{"start":{"line":92,"column":16},"end":{"line":92,"column":16},"skip":true},{"start":{"line":92,"column":16},"end":{"line":92,"column":16},"skip":true}]},"13":{"line":108,"type":"if","locations":[{"start":{"line":108,"column":12},"end":{"line":108,"column":12},"skip":true},{"start":{"line":108,"column":12},"end":{"line":108,"column":12},"skip":true}]},"14":{"line":108,"type":"binary-expr","locations":[{"start":{"line":108,"column":16},"end":{"line":108,"column":61},"skip":true},{"start":{"line":108,"column":66},"end":{"line":108,"column":72},"skip":true},{"start":{"line":108,"column":77},"end":{"line":108,"column":82},"skip":true},{"start":{"line":109,"column":20},"end":{"line":109,"column":39},"skip":true},{"start":{"line":110,"column":20},"end":{"line":110,"column":49},"skip":true},{"start":{"line":111,"column":20},"end":{"line":111,"column":58},"skip":true},{"start":{"line":112,"column":20},"end":{"line":112,"column":68},"skip":true}]},"15":{"line":129,"type":"if","locations":[{"start":{"line":129,"column":16},"end":{"line":129,"column":16},"skip":true},{"start":{"line":129,"column":16},"end":{"line":129,"column":16},"skip":true}]},"16":{"line":134,"type":"cond-expr","locations":[{"start":{"line":135,"column":26},"end":{"line":135,"column":29},"skip":true},{"start":{"line":136,"column":26},"end":{"line":136,"column":54},"skip":true}]},"17":{"line":164,"type":"binary-expr","locations":[{"start":{"line":164,"column":27},"end":{"line":164,"column":43},"skip":true},{"start":{"line":164,"column":47},"end":{"line":164,"column":49},"skip":true}]},"18":{"line":258,"type":"if","locations":[{"start":{"line":258,"column":8},"end":{"line":258,"column":8},"skip":true},{"start":{"line":258,"column":8},"end":{"line":258,"column":8},"skip":true}]},"19":{"line":275,"type":"switch","locations":[{"start":{"line":276,"column":20},"end":{"line":277,"column":64},"skip":true},{"start":{"line":278,"column":20},"end":{"line":279,"column":40},"skip":true},{"start":{"line":280,"column":20},"end":{"line":281,"column":40},"skip":true},{"start":{"line":282,"column":20},"end":{"line":283,"column":39},"skip":true}]},"20":{"line":288,"type":"if","locations":[{"start":{"line":288,"column":8},"end":{"line":288,"column":8},"skip":true},{"start":{"line":288,"column":8},"end":{"line":288,"column":8},"skip":true}]},"21":{"line":288,"type":"binary-expr","locations":[{"start":{"line":288,"column":12},"end":{"line":288,"column":40},"skip":true},{"start":{"line":288,"column":44},"end":{"line":288,"column":67},"skip":true}]},"22":{"line":292,"type":"binary-expr","locations":[{"start":{"line":292,"column":12},"end":{"line":292,"column":50},"skip":true},{"start":{"line":293,"column":12},"end":{"line":293,"column":53},"skip":true}]},"23":{"line":297,"type":"binary-expr","locations":[{"start":{"line":297,"column":12},"end":{"line":297,"column":67},"skip":true},{"start":{"line":298,"column":12},"end":{"line":301,"column":36},"skip":true}]},"24":{"line":303,"type":"binary-expr","locations":[{"start":{"line":303,"column":43},"end":{"line":303,"column":75},"skip":true},{"start":{"line":303,"column":79},"end":{"line":303,"column":81},"skip":true}]},"25":{"line":306,"type":"if","locations":[{"start":{"line":306,"column":8},"end":{"line":306,"column":8},"skip":true},{"start":{"line":306,"column":8},"end":{"line":306,"column":8},"skip":true}]},"26":{"line":310,"type":"if","locations":[{"start":{"line":310,"column":8},"end":{"line":310,"column":8},"skip":true},{"start":{"line":310,"column":8},"end":{"line":310,"column":8},"skip":true}]},"27":{"line":313,"type":"binary-expr","locations":[{"start":{"line":313,"column":27},"end":{"line":313,"column":43},"skip":true},{"start":{"line":313,"column":47},"end":{"line":313,"column":53},"skip":true}]},"28":{"line":317,"type":"if","locations":[{"start":{"line":317,"column":12},"end":{"line":317,"column":12},"skip":true},{"start":{"line":317,"column":12},"end":{"line":317,"column":12},"skip":true}]}},"code":["/*","example.js","","quickstart example","","instruction","    1. save this script as example.js","    2. run the shell command:","        $ npm install npmtest-validator && PORT=8081 node example.js","    3. play with the browser-demo on http://127.0.0.1:8081","*/","","","","/* istanbul instrument in package npmtest_validator */","/*jslint","    bitwise: true,","    browser: true,","    maxerr: 8,","    maxlen: 96,","    node: true,","    nomen: true,","    regexp: true,","    stupid: true","*/","(function () {","    'use strict';","    var local;","","","","    // run shared js-env code - init-before","    (function () {","        // init local","        local = {};","        // init modeJs","        local.modeJs = (function () {","            try {","                return typeof navigator.userAgent === 'string' &&","                    typeof document.querySelector('body') === 'object' &&","                    typeof XMLHttpRequest.prototype.open === 'function' &&","                    'browser';","            } catch (errorCaughtBrowser) {","                return module.exports &&","                    typeof process.versions.node === 'string' &&","                    typeof require('http').createServer === 'function' &&","                    'node';","            }","        }());","        // init global","        local.global = local.modeJs === 'browser'","            ? window","            : global;","        // init utility2_rollup","        local = local.global.utility2_rollup || (local.modeJs === 'browser'","            ? local.global.utility2_npmtest_validator","            : global.utility2_moduleExports);","        // export local","        local.global.local = local;","    }());","    switch (local.modeJs) {","","","","    // init-after","    // run browser js-env code - init-after","    /* istanbul ignore next */","    case 'browser':","        local.testRunBrowser = function (event) {","            if (!event || (event &&","                    event.currentTarget &&","                    event.currentTarget.className &&","                    event.currentTarget.className.includes &&","                    event.currentTarget.className.includes('onreset'))) {","                // reset output","                Array.from(","                    document.querySelectorAll('body > .resettable')","                ).forEach(function (element) {","                    switch (element.tagName) {","                    case 'INPUT':","                    case 'TEXTAREA':","                        element.value = '';","                        break;","                    default:","                        element.textContent = '';","                    }","                });","            }","            switch (event && event.currentTarget && event.currentTarget.id) {","            case 'testRunButton1':","                // show tests","                if (document.querySelector('#testReportDiv1').style.display === 'none') {","                    document.querySelector('#testReportDiv1').style.display = 'block';","                    document.querySelector('#testRunButton1').textContent =","                        'hide internal test';","                    local.modeTest = true;","                    local.testRunDefault(local);","                // hide tests","                } else {","                    document.querySelector('#testReportDiv1').style.display = 'none';","                    document.querySelector('#testRunButton1').textContent = 'run internal test';","                }","                break;","            // custom-case","            default:","                break;","            }","            if (document.querySelector('#inputTextareaEval1') && (!event || (event &&","                    event.currentTarget &&","                    event.currentTarget.className &&","                    event.currentTarget.className.includes &&","                    event.currentTarget.className.includes('oneval')))) {","                // try to eval input-code","                try {","                    /*jslint evil: true*/","                    eval(document.querySelector('#inputTextareaEval1').value);","                } catch (errorCaught) {","                    console.error(errorCaught);","                }","            }","        };","        // log stderr and stdout to #outputTextareaStdout1","        ['error', 'log'].forEach(function (key) {","            console[key + '_original'] = console[key];","            console[key] = function () {","                var element;","                console[key + '_original'].apply(console, arguments);","                element = document.querySelector('#outputTextareaStdout1');","                if (!element) {","                    return;","                }","                // append text to #outputTextareaStdout1","                element.value += Array.from(arguments).map(function (arg) {","                    return typeof arg === 'string'","                        ? arg","                        : JSON.stringify(arg, null, 4);","                }).join(' ') + '\\n';","                // scroll textarea to bottom","                element.scrollTop = element.scrollHeight;","            };","        });","        // init event-handling","        ['change', 'click', 'keyup'].forEach(function (event) {","            Array.from(document.querySelectorAll('.on' + event)).forEach(function (element) {","                element.addEventListener(event, local.testRunBrowser);","            });","        });","        // run tests","        local.testRunBrowser();","        break;","","","","    // run node js-env code - init-after","    /* istanbul ignore next */","    case 'node':","        // export local","        module.exports = local;","        // require modules","        local.fs = require('fs');","        local.http = require('http');","        local.url = require('url');","        // init assets","        local.assetsDict = local.assetsDict || {};","        /* jslint-ignore-begin */","        local.assetsDict['/assets.index.template.html'] = '\\","<!doctype html>\\n\\","<html lang=\"en\">\\n\\","<head>\\n\\","<meta charset=\"UTF-8\">\\n\\","<meta name=\"viewport\" content=\"width=device-width, initial-scale=1\">\\n\\","<title>{{env.npm_package_name}} (v{{env.npm_package_version}})</title>\\n\\","<style>\\n\\","/*csslint\\n\\","    box-sizing: false,\\n\\","    universal-selector: false\\n\\","*/\\n\\","* {\\n\\","    box-sizing: border-box;\\n\\","}\\n\\","body {\\n\\","    background: #dde;\\n\\","    font-family: Arial, Helvetica, sans-serif;\\n\\","    margin: 2rem;\\n\\","}\\n\\","body > * {\\n\\","    margin-bottom: 1rem;\\n\\","}\\n\\",".utility2FooterDiv {\\n\\","    margin-top: 20px;\\n\\","    text-align: center;\\n\\","}\\n\\","</style>\\n\\","<style>\\n\\","/*csslint\\n\\","*/\\n\\","textarea {\\n\\","    font-family: monospace;\\n\\","    height: 10rem;\\n\\","    width: 100%;\\n\\","}\\n\\","textarea[readonly] {\\n\\","    background: #ddd;\\n\\","}\\n\\","</style>\\n\\","</head>\\n\\","<body>\\n\\","<!-- utility2-comment\\n\\","<div id=\"ajaxProgressDiv1\" style=\"background: #d00; height: 2px; left: 0; margin: 0; padding: 0; position: fixed; top: 0; transition: background 0.5s, width 1.5s; width: 25%;\"></div>\\n\\","utility2-comment -->\\n\\","<h1>\\n\\","<!-- utility2-comment\\n\\","    <a\\n\\","        {{#if env.npm_package_homepage}}\\n\\","        href=\"{{env.npm_package_homepage}}\"\\n\\","        {{/if env.npm_package_homepage}}\\n\\","        target=\"_blank\"\\n\\","    >\\n\\","utility2-comment -->\\n\\","        {{env.npm_package_name}} (v{{env.npm_package_version}})\\n\\","<!-- utility2-comment\\n\\","    </a>\\n\\","utility2-comment -->\\n\\","</h1>\\n\\","<h3>{{env.npm_package_description}}</h3>\\n\\","<!-- utility2-comment\\n\\","<h4><a download href=\"assets.app.js\">download standalone app</a></h4>\\n\\","<button class=\"onclick onreset\" id=\"testRunButton1\">run internal test</button><br>\\n\\","<div id=\"testReportDiv1\" style=\"display: none;\"></div>\\n\\","utility2-comment -->\\n\\","\\n\\","\\n\\","\\n\\","<label>stderr and stdout</label>\\n\\","<textarea class=\"resettable\" id=\"outputTextareaStdout1\" readonly></textarea>\\n\\","<!-- utility2-comment\\n\\","{{#if isRollup}}\\n\\","<script src=\"assets.app.js\"></script>\\n\\","{{#unless isRollup}}\\n\\","utility2-comment -->\\n\\","<script src=\"assets.utility2.rollup.js\"></script>\\n\\","<script src=\"jsonp.utility2._stateInit?callback=window.utility2._stateInit\"></script>\\n\\","<script src=\"assets.npmtest_validator.rollup.js\"></script>\\n\\","<script src=\"assets.example.js\"></script>\\n\\","<script src=\"assets.test.js\"></script>\\n\\","<!-- utility2-comment\\n\\","{{/if isRollup}}\\n\\","utility2-comment -->\\n\\","<div class=\"utility2FooterDiv\">\\n\\","    [ this app was created with\\n\\","    <a href=\"https://github.com/kaizhu256/node-utility2\" target=\"_blank\">utility2</a>\\n\\","    ]\\n\\","</div>\\n\\","</body>\\n\\","</html>\\n\\","';","        /* jslint-ignore-end */","        if (local.templateRender) {","            local.assetsDict['/'] = local.templateRender(","                local.assetsDict['/assets.index.template.html'],","                {","                    env: local.objectSetDefault(local.env, {","                        npm_package_description: 'the greatest app in the world!',","                        npm_package_name: 'my-app',","                        npm_package_nameAlias: 'my_app',","                        npm_package_version: '0.0.1'","                    })","                }","            );","        } else {","            local.assetsDict['/'] = local.assetsDict['/assets.index.template.html']","                .replace((/\\{\\{env\\.(\\w+?)\\}\\}/g), function (match0, match1) {","                    // jslint-hack","                    String(match0);","                    switch (match1) {","                    case 'npm_package_description':","                        return 'the greatest app in the world!';","                    case 'npm_package_name':","                        return 'my-app';","                    case 'npm_package_nameAlias':","                        return 'my_app';","                    case 'npm_package_version':","                        return '0.0.1';","                    }","                });","        }","        // run the cli","        if (local.global.utility2_rollup || module !== require.main) {","            break;","        }","        local.assetsDict['/assets.example.js'] =","            local.assetsDict['/assets.example.js'] ||","            local.fs.readFileSync(__filename, 'utf8');","        // bug-workaround - long $npm_package_buildCustomOrg","        /* jslint-ignore-begin */","        local.assetsDict['/assets.npmtest_validator.rollup.js'] =","            local.assetsDict['/assets.npmtest_validator.rollup.js'] ||","            local.fs.readFileSync(","                local.npmtest_validator.__dirname + '/lib.npmtest_validator.js',","                'utf8'","            ).replace((/^#!/), '//');","        /* jslint-ignore-end */","        local.assetsDict['/favicon.ico'] = local.assetsDict['/favicon.ico'] || '';","        // if $npm_config_timeout_exit exists,","        // then exit this process after $npm_config_timeout_exit ms","        if (Number(process.env.npm_config_timeout_exit)) {","            setTimeout(process.exit, Number(process.env.npm_config_timeout_exit));","        }","        // start server","        if (local.global.utility2_serverHttp1) {","            break;","        }","        process.env.PORT = process.env.PORT || '8081';","        console.error('server starting on port ' + process.env.PORT);","        local.http.createServer(function (request, response) {","            request.urlParsed = local.url.parse(request.url);","            if (local.assetsDict[request.urlParsed.pathname] !== undefined) {","                response.end(local.assetsDict[request.urlParsed.pathname]);","                return;","            }","            response.statusCode = 404;","            response.end();","        }).listen(process.env.PORT);","        break;","    }","}());",""],"l":{"26":2,"28":2,"33":2,"35":2,"37":2,"38":2,"39":2,"44":1,"51":2,"55":2,"59":2,"61":2,"69":1,"70":2,"76":2,"79":2,"82":2,"83":2,"85":1,"89":2,"92":1,"93":1,"94":1,"96":1,"97":1,"100":1,"101":1,"103":1,"106":1,"108":2,"114":1,"116":1,"118":1,"123":1,"124":2,"125":2,"126":3,"127":3,"128":3,"129":3,"130":1,"133":3,"134":3,"139":3,"143":1,"144":3,"145":1,"149":1,"150":1,"158":1,"160":1,"161":1,"162":1,"164":1,"166":1,"258":1,"259":1,"271":1,"274":6,"275":6,"277":1,"279":2,"281":1,"283":2,"288":1,"289":1,"291":1,"296":1,"303":1,"306":1,"307":1,"310":1,"311":1,"313":1,"314":1,"315":1,"316":1,"317":1,"318":1,"319":1,"321":1,"322":1,"324":1}},"/home/travis/build/npmtest/node-npmtest-validator/node_modules/validator/index.js":{"path":"/home/travis/build/npmtest/node-npmtest-validator/node_modules/validator/index.js","s":{"1":1,"2":1,"3":1,"4":1,"5":1,"6":1,"7":1,"8":1,"9":1,"10":1,"11":1,"12":1,"13":1,"14":1,"15":1,"16":1,"17":1,"18":1,"19":1,"20":1,"21":1,"22":1,"23":1,"24":1,"25":1,"26":1,"27":1,"28":1,"29":1,"30":1,"31":1,"32":1,"33":1,"34":1,"35":1,"36":1,"37":1,"38":1,"39":1,"40":1,"41":1,"42":1,"43":1,"44":1,"45":1,"46":1,"47":1,"48":1,"49":1,"50":1,"51":1,"52":1,"53":1,"54":1,"55":1,"56":1,"57":1,"58":1,"59":1,"60":1,"61":1,"62":1,"63":1,"64":1,"65":1,"66":1,"67":1,"68":1,"69":1,"70":1,"71":1,"72":1,"73":1,"74":1,"75":1,"76":1,"77":1,"78":1,"79":1,"80":1,"81":1,"82":1,"83":1,"84":1,"85":1,"86":1,"87":1,"88":1,"89":1,"90":1,"91":1,"92":1,"93":1,"94":1,"95":1,"96":1,"97":1,"98":1,"99":1,"100":1,"101":1,"102":1,"103":1,"104":1,"105":1,"106":1,"107":1,"108":1,"109":1,"110":1,"111":1,"112":1,"113":1,"114":1,"115":1,"116":1,"117":1,"118":1,"119":1,"120":1,"121":1,"122":1,"123":60,"124":1,"125":1,"126":1,"127":1},"b":{"1":[3,57],"2":[60,60]},"f":{"1":60},"fnMap":{"1":{"name":"_interopRequireDefault","line":247,"loc":{"start":{"line":247,"column":0},"end":{"line":247,"column":37}}}},"statementMap":{"1":{"start":{"line":3,"column":0},"end":{"line":5,"column":3}},"2":{"start":{"line":7,"column":0},"end":{"line":7,"column":38}},"3":{"start":{"line":9,"column":0},"end":{"line":9,"column":47}},"4":{"start":{"line":11,"column":0},"end":{"line":11,"column":40}},"5":{"start":{"line":13,"column":0},"end":{"line":13,"column":49}},"6":{"start":{"line":15,"column":0},"end":{"line":15,"column":36}},"7":{"start":{"line":17,"column":0},"end":{"line":17,"column":45}},"8":{"start":{"line":19,"column":0},"end":{"line":19,"column":44}},"9":{"start":{"line":21,"column":0},"end":{"line":21,"column":53}},"10":{"start":{"line":23,"column":0},"end":{"line":23,"column":38}},"11":{"start":{"line":25,"column":0},"end":{"line":25,"column":47}},"12":{"start":{"line":27,"column":0},"end":{"line":27,"column":42}},"13":{"start":{"line":29,"column":0},"end":{"line":29,"column":51}},"14":{"start":{"line":31,"column":0},"end":{"line":31,"column":40}},"15":{"start":{"line":33,"column":0},"end":{"line":33,"column":49}},"16":{"start":{"line":35,"column":0},"end":{"line":35,"column":40}},"17":{"start":{"line":37,"column":0},"end":{"line":37,"column":49}},"18":{"start":{"line":39,"column":0},"end":{"line":39,"column":36}},"19":{"start":{"line":41,"column":0},"end":{"line":41,"column":45}},"20":{"start":{"line":43,"column":0},"end":{"line":43,"column":50}},"21":{"start":{"line":45,"column":0},"end":{"line":45,"column":59}},"22":{"start":{"line":47,"column":0},"end":{"line":47,"column":34}},"23":{"start":{"line":49,"column":0},"end":{"line":49,"column":43}},"24":{"start":{"line":51,"column":0},"end":{"line":51,"column":38}},"25":{"start":{"line":53,"column":0},"end":{"line":53,"column":47}},"26":{"start":{"line":55,"column":0},"end":{"line":55,"column":44}},"27":{"start":{"line":57,"column":0},"end":{"line":57,"column":53}},"28":{"start":{"line":59,"column":0},"end":{"line":59,"column":40}},"29":{"start":{"line":61,"column":0},"end":{"line":61,"column":49}},"30":{"start":{"line":63,"column":0},"end":{"line":63,"column":54}},"31":{"start":{"line":65,"column":0},"end":{"line":65,"column":63}},"32":{"start":{"line":67,"column":0},"end":{"line":67,"column":44}},"33":{"start":{"line":69,"column":0},"end":{"line":69,"column":53}},"34":{"start":{"line":71,"column":0},"end":{"line":71,"column":48}},"35":{"start":{"line":73,"column":0},"end":{"line":73,"column":57}},"36":{"start":{"line":75,"column":0},"end":{"line":75,"column":48}},"37":{"start":{"line":77,"column":0},"end":{"line":77,"column":57}},"38":{"start":{"line":79,"column":0},"end":{"line":79,"column":40}},"39":{"start":{"line":81,"column":0},"end":{"line":81,"column":49}},"40":{"start":{"line":83,"column":0},"end":{"line":83,"column":48}},"41":{"start":{"line":85,"column":0},"end":{"line":85,"column":57}},"42":{"start":{"line":87,"column":0},"end":{"line":87,"column":48}},"43":{"start":{"line":89,"column":0},"end":{"line":89,"column":57}},"44":{"start":{"line":91,"column":0},"end":{"line":91,"column":56}},"45":{"start":{"line":93,"column":0},"end":{"line":93,"column":65}},"46":{"start":{"line":95,"column":0},"end":{"line":95,"column":48}},"47":{"start":{"line":97,"column":0},"end":{"line":97,"column":57}},"48":{"start":{"line":99,"column":0},"end":{"line":99,"column":56}},"49":{"start":{"line":101,"column":0},"end":{"line":101,"column":65}},"50":{"start":{"line":103,"column":0},"end":{"line":103,"column":36}},"51":{"start":{"line":105,"column":0},"end":{"line":105,"column":45}},"52":{"start":{"line":107,"column":0},"end":{"line":107,"column":40}},"53":{"start":{"line":109,"column":0},"end":{"line":109,"column":49}},"54":{"start":{"line":111,"column":0},"end":{"line":111,"column":44}},"55":{"start":{"line":113,"column":0},"end":{"line":113,"column":53}},"56":{"start":{"line":115,"column":0},"end":{"line":115,"column":52}},"57":{"start":{"line":117,"column":0},"end":{"line":117,"column":61}},"58":{"start":{"line":119,"column":0},"end":{"line":119,"column":52}},"59":{"start":{"line":121,"column":0},"end":{"line":121,"column":61}},"60":{"start":{"line":123,"column":0},"end":{"line":123,"column":46}},"61":{"start":{"line":125,"column":0},"end":{"line":125,"column":55}},"62":{"start":{"line":127,"column":0},"end":{"line":127,"column":35}},"63":{"start":{"line":129,"column":0},"end":{"line":129,"column":43}},"64":{"start":{"line":131,"column":0},"end":{"line":131,"column":38}},"65":{"start":{"line":133,"column":0},"end":{"line":133,"column":47}},"66":{"start":{"line":135,"column":0},"end":{"line":135,"column":40}},"67":{"start":{"line":137,"column":0},"end":{"line":137,"column":49}},"68":{"start":{"line":139,"column":0},"end":{"line":139,"column":42}},"69":{"start":{"line":141,"column":0},"end":{"line":141,"column":51}},"70":{"start":{"line":143,"column":0},"end":{"line":143,"column":50}},"71":{"start":{"line":145,"column":0},"end":{"line":145,"column":59}},"72":{"start":{"line":147,"column":0},"end":{"line":147,"column":38}},"73":{"start":{"line":149,"column":0},"end":{"line":149,"column":47}},"74":{"start":{"line":151,"column":0},"end":{"line":151,"column":44}},"75":{"start":{"line":153,"column":0},"end":{"line":153,"column":53}},"76":{"start":{"line":155,"column":0},"end":{"line":155,"column":40}},"77":{"start":{"line":157,"column":0},"end":{"line":157,"column":49}},"78":{"start":{"line":159,"column":0},"end":{"line":159,"column":42}},"79":{"start":{"line":161,"column":0},"end":{"line":161,"column":51}},"80":{"start":{"line":163,"column":0},"end":{"line":163,"column":34}},"81":{"start":{"line":165,"column":0},"end":{"line":165,"column":43}},"82":{"start":{"line":167,"column":0},"end":{"line":167,"column":50}},"83":{"start":{"line":169,"column":0},"end":{"line":169,"column":59}},"84":{"start":{"line":171,"column":0},"end":{"line":171,"column":38}},"85":{"start":{"line":173,"column":0},"end":{"line":173,"column":47}},"86":{"start":{"line":175,"column":0},"end":{"line":175,"column":38}},"87":{"start":{"line":177,"column":0},"end":{"line":177,"column":47}},"88":{"start":{"line":179,"column":0},"end":{"line":179,"column":38}},"89":{"start":{"line":181,"column":0},"end":{"line":181,"column":47}},"90":{"start":{"line":183,"column":0},"end":{"line":183,"column":52}},"91":{"start":{"line":185,"column":0},"end":{"line":185,"column":61}},"92":{"start":{"line":187,"column":0},"end":{"line":187,"column":46}},"93":{"start":{"line":189,"column":0},"end":{"line":189,"column":55}},"94":{"start":{"line":191,"column":0},"end":{"line":191,"column":40}},"95":{"start":{"line":193,"column":0},"end":{"line":193,"column":45}},"96":{"start":{"line":195,"column":0},"end":{"line":195,"column":40}},"97":{"start":{"line":197,"column":0},"end":{"line":197,"column":47}},"98":{"start":{"line":199,"column":0},"end":{"line":199,"column":44}},"99":{"start":{"line":201,"column":0},"end":{"line":201,"column":53}},"100":{"start":{"line":203,"column":0},"end":{"line":203,"column":36}},"101":{"start":{"line":205,"column":0},"end":{"line":205,"column":45}},"102":{"start":{"line":207,"column":0},"end":{"line":207,"column":36}},"103":{"start":{"line":209,"column":0},"end":{"line":209,"column":45}},"104":{"start":{"line":211,"column":0},"end":{"line":211,"column":34}},"105":{"start":{"line":213,"column":0},"end":{"line":213,"column":43}},"106":{"start":{"line":215,"column":0},"end":{"line":215,"column":38}},"107":{"start":{"line":217,"column":0},"end":{"line":217,"column":47}},"108":{"start":{"line":219,"column":0},"end":{"line":219,"column":42}},"109":{"start":{"line":221,"column":0},"end":{"line":221,"column":51}},"110":{"start":{"line":223,"column":0},"end":{"line":223,"column":42}},"111":{"start":{"line":225,"column":0},"end":{"line":225,"column":51}},"112":{"start":{"line":227,"column":0},"end":{"line":227,"column":44}},"113":{"start":{"line":229,"column":0},"end":{"line":229,"column":53}},"114":{"start":{"line":231,"column":0},"end":{"line":231,"column":44}},"115":{"start":{"line":233,"column":0},"end":{"line":233,"column":53}},"116":{"start":{"line":235,"column":0},"end":{"line":235,"column":52}},"117":{"start":{"line":237,"column":0},"end":{"line":237,"column":61}},"118":{"start":{"line":239,"column":0},"end":{"line":239,"column":54}},"119":{"start":{"line":241,"column":0},"end":{"line":241,"column":63}},"120":{"start":{"line":243,"column":0},"end":{"line":243,"column":47}},"121":{"start":{"line":245,"column":0},"end":{"line":245,"column":51}},"122":{"start":{"line":247,"column":0},"end":{"line":247,"column":95}},"123":{"start":{"line":247,"column":39},"end":{"line":247,"column":93}},"124":{"start":{"line":249,"column":0},"end":{"line":249,"column":22}},"125":{"start":{"line":251,"column":0},"end":{"line":313,"column":2}},"126":{"start":{"line":315,"column":0},"end":{"line":315,"column":28}},"127":{"start":{"line":316,"column":0},"end":{"line":316,"column":36}}},"branchMap":{"1":{"line":247,"type":"cond-expr","locations":[{"start":{"line":247,"column":70},"end":{"line":247,"column":73}},{"start":{"line":247,"column":76},"end":{"line":247,"column":92}}]},"2":{"line":247,"type":"binary-expr","locations":[{"start":{"line":247,"column":46},"end":{"line":247,"column":49}},{"start":{"line":247,"column":53},"end":{"line":247,"column":67}}]}},"code":["'use strict';","","Object.defineProperty(exports, \"__esModule\", {","  value: true","});","","var _toDate = require('./lib/toDate');","","var _toDate2 = _interopRequireDefault(_toDate);","","var _toFloat = require('./lib/toFloat');","","var _toFloat2 = _interopRequireDefault(_toFloat);","","var _toInt = require('./lib/toInt');","","var _toInt2 = _interopRequireDefault(_toInt);","","var _toBoolean = require('./lib/toBoolean');","","var _toBoolean2 = _interopRequireDefault(_toBoolean);","","var _equals = require('./lib/equals');","","var _equals2 = _interopRequireDefault(_equals);","","var _contains = require('./lib/contains');","","var _contains2 = _interopRequireDefault(_contains);","","var _matches = require('./lib/matches');","","var _matches2 = _interopRequireDefault(_matches);","","var _isEmail = require('./lib/isEmail');","","var _isEmail2 = _interopRequireDefault(_isEmail);","","var _isURL = require('./lib/isURL');","","var _isURL2 = _interopRequireDefault(_isURL);","","var _isMACAddress = require('./lib/isMACAddress');","","var _isMACAddress2 = _interopRequireDefault(_isMACAddress);","","var _isIP = require('./lib/isIP');","","var _isIP2 = _interopRequireDefault(_isIP);","","var _isFQDN = require('./lib/isFQDN');","","var _isFQDN2 = _interopRequireDefault(_isFQDN);","","var _isBoolean = require('./lib/isBoolean');","","var _isBoolean2 = _interopRequireDefault(_isBoolean);","","var _isAlpha = require('./lib/isAlpha');","","var _isAlpha2 = _interopRequireDefault(_isAlpha);","","var _isAlphanumeric = require('./lib/isAlphanumeric');","","var _isAlphanumeric2 = _interopRequireDefault(_isAlphanumeric);","","var _isNumeric = require('./lib/isNumeric');","","var _isNumeric2 = _interopRequireDefault(_isNumeric);","","var _isLowercase = require('./lib/isLowercase');","","var _isLowercase2 = _interopRequireDefault(_isLowercase);","","var _isUppercase = require('./lib/isUppercase');","","var _isUppercase2 = _interopRequireDefault(_isUppercase);","","var _isAscii = require('./lib/isAscii');","","var _isAscii2 = _interopRequireDefault(_isAscii);","","var _isFullWidth = require('./lib/isFullWidth');","","var _isFullWidth2 = _interopRequireDefault(_isFullWidth);","","var _isHalfWidth = require('./lib/isHalfWidth');","","var _isHalfWidth2 = _interopRequireDefault(_isHalfWidth);","","var _isVariableWidth = require('./lib/isVariableWidth');","","var _isVariableWidth2 = _interopRequireDefault(_isVariableWidth);","","var _isMultibyte = require('./lib/isMultibyte');","","var _isMultibyte2 = _interopRequireDefault(_isMultibyte);","","var _isSurrogatePair = require('./lib/isSurrogatePair');","","var _isSurrogatePair2 = _interopRequireDefault(_isSurrogatePair);","","var _isInt = require('./lib/isInt');","","var _isInt2 = _interopRequireDefault(_isInt);","","var _isFloat = require('./lib/isFloat');","","var _isFloat2 = _interopRequireDefault(_isFloat);","","var _isDecimal = require('./lib/isDecimal');","","var _isDecimal2 = _interopRequireDefault(_isDecimal);","","var _isHexadecimal = require('./lib/isHexadecimal');","","var _isHexadecimal2 = _interopRequireDefault(_isHexadecimal);","","var _isDivisibleBy = require('./lib/isDivisibleBy');","","var _isDivisibleBy2 = _interopRequireDefault(_isDivisibleBy);","","var _isHexColor = require('./lib/isHexColor');","","var _isHexColor2 = _interopRequireDefault(_isHexColor);","","var _isMD = require('./lib/isMD5');","","var _isMD2 = _interopRequireDefault(_isMD);","","var _isJSON = require('./lib/isJSON');","","var _isJSON2 = _interopRequireDefault(_isJSON);","","var _isEmpty = require('./lib/isEmpty');","","var _isEmpty2 = _interopRequireDefault(_isEmpty);","","var _isLength = require('./lib/isLength');","","var _isLength2 = _interopRequireDefault(_isLength);","","var _isByteLength = require('./lib/isByteLength');","","var _isByteLength2 = _interopRequireDefault(_isByteLength);","","var _isUUID = require('./lib/isUUID');","","var _isUUID2 = _interopRequireDefault(_isUUID);","","var _isMongoId = require('./lib/isMongoId');","","var _isMongoId2 = _interopRequireDefault(_isMongoId);","","var _isAfter = require('./lib/isAfter');","","var _isAfter2 = _interopRequireDefault(_isAfter);","","var _isBefore = require('./lib/isBefore');","","var _isBefore2 = _interopRequireDefault(_isBefore);","","var _isIn = require('./lib/isIn');","","var _isIn2 = _interopRequireDefault(_isIn);","","var _isCreditCard = require('./lib/isCreditCard');","","var _isCreditCard2 = _interopRequireDefault(_isCreditCard);","","var _isISIN = require('./lib/isISIN');","","var _isISIN2 = _interopRequireDefault(_isISIN);","","var _isISBN = require('./lib/isISBN');","","var _isISBN2 = _interopRequireDefault(_isISBN);","","var _isISSN = require('./lib/isISSN');","","var _isISSN2 = _interopRequireDefault(_isISSN);","","var _isMobilePhone = require('./lib/isMobilePhone');","","var _isMobilePhone2 = _interopRequireDefault(_isMobilePhone);","","var _isCurrency = require('./lib/isCurrency');","","var _isCurrency2 = _interopRequireDefault(_isCurrency);","","var _isISO = require('./lib/isISO8601');","","var _isISO2 = _interopRequireDefault(_isISO);","","var _isBase = require('./lib/isBase64');","","var _isBase2 = _interopRequireDefault(_isBase);","","var _isDataURI = require('./lib/isDataURI');","","var _isDataURI2 = _interopRequireDefault(_isDataURI);","","var _ltrim = require('./lib/ltrim');","","var _ltrim2 = _interopRequireDefault(_ltrim);","","var _rtrim = require('./lib/rtrim');","","var _rtrim2 = _interopRequireDefault(_rtrim);","","var _trim = require('./lib/trim');","","var _trim2 = _interopRequireDefault(_trim);","","var _escape = require('./lib/escape');","","var _escape2 = _interopRequireDefault(_escape);","","var _unescape = require('./lib/unescape');","","var _unescape2 = _interopRequireDefault(_unescape);","","var _stripLow = require('./lib/stripLow');","","var _stripLow2 = _interopRequireDefault(_stripLow);","","var _whitelist = require('./lib/whitelist');","","var _whitelist2 = _interopRequireDefault(_whitelist);","","var _blacklist = require('./lib/blacklist');","","var _blacklist2 = _interopRequireDefault(_blacklist);","","var _isWhitelisted = require('./lib/isWhitelisted');","","var _isWhitelisted2 = _interopRequireDefault(_isWhitelisted);","","var _normalizeEmail = require('./lib/normalizeEmail');","","var _normalizeEmail2 = _interopRequireDefault(_normalizeEmail);","","var _toString = require('./lib/util/toString');","","var _toString2 = _interopRequireDefault(_toString);","","function _interopRequireDefault(obj) { return obj && obj.__esModule ? obj : { default: obj }; }","","var version = '7.0.0';","","var validator = {","  version: version,","  toDate: _toDate2.default,","  toFloat: _toFloat2.default,","  toInt: _toInt2.default,","  toBoolean: _toBoolean2.default,","  equals: _equals2.default,","  contains: _contains2.default,","  matches: _matches2.default,","  isEmail: _isEmail2.default,","  isURL: _isURL2.default,","  isMACAddress: _isMACAddress2.default,","  isIP: _isIP2.default,","  isFQDN: _isFQDN2.default,","  isBoolean: _isBoolean2.default,","  isAlpha: _isAlpha2.default,","  isAlphanumeric: _isAlphanumeric2.default,","  isNumeric: _isNumeric2.default,","  isLowercase: _isLowercase2.default,","  isUppercase: _isUppercase2.default,","  isAscii: _isAscii2.default,","  isFullWidth: _isFullWidth2.default,","  isHalfWidth: _isHalfWidth2.default,","  isVariableWidth: _isVariableWidth2.default,","  isMultibyte: _isMultibyte2.default,","  isSurrogatePair: _isSurrogatePair2.default,","  isInt: _isInt2.default,","  isFloat: _isFloat2.default,","  isDecimal: _isDecimal2.default,","  isHexadecimal: _isHexadecimal2.default,","  isDivisibleBy: _isDivisibleBy2.default,","  isHexColor: _isHexColor2.default,","  isMD5: _isMD2.default,","  isJSON: _isJSON2.default,","  isEmpty: _isEmpty2.default,","  isLength: _isLength2.default,","  isByteLength: _isByteLength2.default,","  isUUID: _isUUID2.default,","  isMongoId: _isMongoId2.default,","  isAfter: _isAfter2.default,","  isBefore: _isBefore2.default,","  isIn: _isIn2.default,","  isCreditCard: _isCreditCard2.default,","  isISIN: _isISIN2.default,","  isISBN: _isISBN2.default,","  isISSN: _isISSN2.default,","  isMobilePhone: _isMobilePhone2.default,","  isCurrency: _isCurrency2.default,","  isISO8601: _isISO2.default,","  isBase64: _isBase2.default,","  isDataURI: _isDataURI2.default,","  ltrim: _ltrim2.default,","  rtrim: _rtrim2.default,","  trim: _trim2.default,","  escape: _escape2.default,","  unescape: _unescape2.default,","  stripLow: _stripLow2.default,","  whitelist: _whitelist2.default,","  blacklist: _blacklist2.default,","  isWhitelisted: _isWhitelisted2.default,","  normalizeEmail: _normalizeEmail2.default,","  toString: _toString2.default","};","","exports.default = validator;","module.exports = exports['default'];"],"l":{"3":1,"7":1,"9":1,"11":1,"13":1,"15":1,"17":1,"19":1,"21":1,"23":1,"25":1,"27":1,"29":1,"31":1,"33":1,"35":1,"37":1,"39":1,"41":1,"43":1,"45":1,"47":1,"49":1,"51":1,"53":1,"55":1,"57":1,"59":1,"61":1,"63":1,"65":1,"67":1,"69":1,"71":1,"73":1,"75":1,"77":1,"79":1,"81":1,"83":1,"85":1,"87":1,"89":1,"91":1,"93":1,"95":1,"97":1,"99":1,"101":1,"103":1,"105":1,"107":1,"109":1,"111":1,"113":1,"115":1,"117":1,"119":1,"121":1,"123":1,"125":1,"127":1,"129":1,"131":1,"133":1,"135":1,"137":1,"139":1,"141":1,"143":1,"145":1,"147":1,"149":1,"151":1,"153":1,"155":1,"157":1,"159":1,"161":1,"163":1,"165":1,"167":1,"169":1,"171":1,"173":1,"175":1,"177":1,"179":1,"181":1,"183":1,"185":1,"187":1,"189":1,"191":1,"193":1,"195":1,"197":1,"199":1,"201":1,"203":1,"205":1,"207":1,"209":1,"211":1,"213":1,"215":1,"217":1,"219":1,"221":1,"223":1,"225":1,"227":1,"229":1,"231":1,"233":1,"235":1,"237":1,"239":1,"241":1,"243":1,"245":1,"247":60,"249":1,"251":1,"315":1,"316":1}},"/home/travis/build/npmtest/node-npmtest-validator/node_modules/validator/lib/toDate.js":{"path":"/home/travis/build/npmtest/node-npmtest-validator/node_modules/validator/lib/toDate.js","s":{"1":1,"2":1,"3":1,"4":1,"5":1,"6":1,"7":1,"8":0,"9":0,"10":0,"11":1},"b":{"1":[0,1],"2":[1,1],"3":[0,0]},"f":{"1":1,"2":0},"fnMap":{"1":{"name":"_interopRequireDefault","line":12,"loc":{"start":{"line":12,"column":0},"end":{"line":12,"column":37}}},"2":{"name":"toDate","line":14,"loc":{"start":{"line":14,"column":0},"end":{"line":14,"column":22}}}},"statementMap":{"1":{"start":{"line":3,"column":0},"end":{"line":5,"column":3}},"2":{"start":{"line":6,"column":0},"end":{"line":6,"column":25}},"3":{"start":{"line":8,"column":0},"end":{"line":8,"column":51}},"4":{"start":{"line":10,"column":0},"end":{"line":10,"column":59}},"5":{"start":{"line":12,"column":0},"end":{"line":12,"column":95}},"6":{"start":{"line":12,"column":39},"end":{"line":12,"column":93}},"7":{"start":{"line":14,"column":0},"end":{"line":18,"column":1}},"8":{"start":{"line":15,"column":2},"end":{"line":15,"column":36}},"9":{"start":{"line":16,"column":2},"end":{"line":16,"column":26}},"10":{"start":{"line":17,"column":2},"end":{"line":17,"column":46}},"11":{"start":{"line":19,"column":0},"end":{"line":19,"column":36}}},"branchMap":{"1":{"line":12,"type":"cond-expr","locations":[{"start":{"line":12,"column":70},"end":{"line":12,"column":73}},{"start":{"line":12,"column":76},"end":{"line":12,"column":92}}]},"2":{"line":12,"type":"binary-expr","locations":[{"start":{"line":12,"column":46},"end":{"line":12,"column":49}},{"start":{"line":12,"column":53},"end":{"line":12,"column":67}}]},"3":{"line":17,"type":"cond-expr","locations":[{"start":{"line":17,"column":24},"end":{"line":17,"column":38}},{"start":{"line":17,"column":41},"end":{"line":17,"column":45}}]}},"code":["'use strict';","","Object.defineProperty(exports, \"__esModule\", {","  value: true","});","exports.default = toDate;","","var _assertString = require('./util/assertString');","","var _assertString2 = _interopRequireDefault(_assertString);","","function _interopRequireDefault(obj) { return obj && obj.__esModule ? obj : { default: obj }; }","","function toDate(date) {","  (0, _assertString2.default)(date);","  date = Date.parse(date);","  return !isNaN(date) ? new Date(date) : null;","}","module.exports = exports['default'];"],"l":{"3":1,"6":1,"8":1,"10":1,"12":1,"14":1,"15":0,"16":0,"17":0,"19":1}},"/home/travis/build/npmtest/node-npmtest-validator/node_modules/validator/lib/util/assertString.js":{"path":"/home/travis/build/npmtest/node-npmtest-validator/node_modules/validator/lib/util/assertString.js","s":{"1":1,"2":1,"3":1,"4":0,"5":0,"6":1},"b":{"1":[0,0]},"f":{"1":0},"fnMap":{"1":{"name":"assertString","line":7,"loc":{"start":{"line":7,"column":0},"end":{"line":7,"column":29}}}},"statementMap":{"1":{"start":{"line":3,"column":0},"end":{"line":5,"column":3}},"2":{"start":{"line":6,"column":0},"end":{"line":6,"column":31}},"3":{"start":{"line":7,"column":0},"end":{"line":11,"column":1}},"4":{"start":{"line":8,"column":2},"end":{"line":10,"column":3}},"5":{"start":{"line":9,"column":4},"end":{"line":9,"column":78}},"6":{"start":{"line":12,"column":0},"end":{"line":12,"column":36}}},"branchMap":{"1":{"line":8,"type":"if","locations":[{"start":{"line":8,"column":2},"end":{"line":8,"column":2}},{"start":{"line":8,"column":2},"end":{"line":8,"column":2}}]}},"code":["'use strict';","","Object.defineProperty(exports, \"__esModule\", {","  value: true","});","exports.default = assertString;","function assertString(input) {","  if (typeof input !== 'string') {","    throw new TypeError('This library (validator.js) validates strings only');","  }","}","module.exports = exports['default'];"],"l":{"3":1,"6":1,"7":1,"8":0,"9":0,"12":1}},"/home/travis/build/npmtest/node-npmtest-validator/node_modules/validator/lib/toFloat.js":{"path":"/home/travis/build/npmtest/node-npmtest-validator/node_modules/validator/lib/toFloat.js","s":{"1":1,"2":1,"3":1,"4":1,"5":1,"6":1,"7":1,"8":0,"9":0,"10":1},"b":{"1":[0,1],"2":[1,1]},"f":{"1":1,"2":0},"fnMap":{"1":{"name":"_interopRequireDefault","line":12,"loc":{"start":{"line":12,"column":0},"end":{"line":12,"column":37}}},"2":{"name":"toFloat","line":14,"loc":{"start":{"line":14,"column":0},"end":{"line":14,"column":22}}}},"statementMap":{"1":{"start":{"line":3,"column":0},"end":{"line":5,"column":3}},"2":{"start":{"line":6,"column":0},"end":{"line":6,"column":26}},"3":{"start":{"line":8,"column":0},"end":{"line":8,"column":51}},"4":{"start":{"line":10,"column":0},"end":{"line":10,"column":59}},"5":{"start":{"line":12,"column":0},"end":{"line":12,"column":95}},"6":{"start":{"line":12,"column":39},"end":{"line":12,"column":93}},"7":{"start":{"line":14,"column":0},"end":{"line":17,"column":1}},"8":{"start":{"line":15,"column":2},"end":{"line":15,"column":35}},"9":{"start":{"line":16,"column":2},"end":{"line":16,"column":25}},"10":{"start":{"line":18,"column":0},"end":{"line":18,"column":36}}},"branchMap":{"1":{"line":12,"type":"cond-expr","locations":[{"start":{"line":12,"column":70},"end":{"line":12,"column":73}},{"start":{"line":12,"column":76},"end":{"line":12,"column":92}}]},"2":{"line":12,"type":"binary-expr","locations":[{"start":{"line":12,"column":46},"end":{"line":12,"column":49}},{"start":{"line":12,"column":53},"end":{"line":12,"column":67}}]}},"code":["'use strict';","","Object.defineProperty(exports, \"__esModule\", {","  value: true","});","exports.default = toFloat;","","var _assertString = require('./util/assertString');","","var _assertString2 = _interopRequireDefault(_assertString);","","function _interopRequireDefault(obj) { return obj && obj.__esModule ? obj : { default: obj }; }","","function toFloat(str) {","  (0, _assertString2.default)(str);","  return parseFloat(str);","}","module.exports = exports['default'];"],"l":{"3":1,"6":1,"8":1,"10":1,"12":1,"14":1,"15":0,"16":0,"18":1}},"/home/travis/build/npmtest/node-npmtest-validator/node_modules/validator/lib/toInt.js":{"path":"/home/travis/build/npmtest/node-npmtest-validator/node_modules/validator/lib/toInt.js","s":{"1":1,"2":1,"3":1,"4":1,"5":1,"6":1,"7":1,"8":0,"9":0,"10":1},"b":{"1":[0,1],"2":[1,1],"3":[0,0]},"f":{"1":1,"2":0},"fnMap":{"1":{"name":"_interopRequireDefault","line":12,"loc":{"start":{"line":12,"column":0},"end":{"line":12,"column":37}}},"2":{"name":"toInt","line":14,"loc":{"start":{"line":14,"column":0},"end":{"line":14,"column":27}}}},"statementMap":{"1":{"start":{"line":3,"column":0},"end":{"line":5,"column":3}},"2":{"start":{"line":6,"column":0},"end":{"line":6,"column":24}},"3":{"start":{"line":8,"column":0},"end":{"line":8,"column":51}},"4":{"start":{"line":10,"column":0},"end":{"line":10,"column":59}},"5":{"start":{"line":12,"column":0},"end":{"line":12,"column":95}},"6":{"start":{"line":12,"column":39},"end":{"line":12,"column":93}},"7":{"start":{"line":14,"column":0},"end":{"line":17,"column":1}},"8":{"start":{"line":15,"column":2},"end":{"line":15,"column":35}},"9":{"start":{"line":16,"column":2},"end":{"line":16,"column":36}},"10":{"start":{"line":18,"column":0},"end":{"line":18,"column":36}}},"branchMap":{"1":{"line":12,"type":"cond-expr","locations":[{"start":{"line":12,"column":70},"end":{"line":12,"column":73}},{"start":{"line":12,"column":76},"end":{"line":12,"column":92}}]},"2":{"line":12,"type":"binary-expr","locations":[{"start":{"line":12,"column":46},"end":{"line":12,"column":49}},{"start":{"line":12,"column":53},"end":{"line":12,"column":67}}]},"3":{"line":16,"type":"binary-expr","locations":[{"start":{"line":16,"column":23},"end":{"line":16,"column":28}},{"start":{"line":16,"column":32},"end":{"line":16,"column":34}}]}},"code":["'use strict';","","Object.defineProperty(exports, \"__esModule\", {","  value: true","});","exports.default = toInt;","","var _assertString = require('./util/assertString');","","var _assertString2 = _interopRequireDefault(_assertString);","","function _interopRequireDefault(obj) { return obj && obj.__esModule ? obj : { default: obj }; }","","function toInt(str, radix) {","  (0, _assertString2.default)(str);","  return parseInt(str, radix || 10);","}","module.exports = exports['default'];"],"l":{"3":1,"6":1,"8":1,"10":1,"12":1,"14":1,"15":0,"16":0,"18":1}},"/home/travis/build/npmtest/node-npmtest-validator/node_modules/validator/lib/toBoolean.js":{"path":"/home/travis/build/npmtest/node-npmtest-validator/node_modules/validator/lib/toBoolean.js","s":{"1":1,"2":1,"3":1,"4":1,"5":1,"6":1,"7":1,"8":0,"9":0,"10":0,"11":0,"12":1},"b":{"1":[0,1],"2":[1,1],"3":[0,0],"4":[0,0],"5":[0,0,0]},"f":{"1":1,"2":0},"fnMap":{"1":{"name":"_interopRequireDefault","line":12,"loc":{"start":{"line":12,"column":0},"end":{"line":12,"column":37}}},"2":{"name":"toBoolean","line":14,"loc":{"start":{"line":14,"column":0},"end":{"line":14,"column":32}}}},"statementMap":{"1":{"start":{"line":3,"column":0},"end":{"line":5,"column":3}},"2":{"start":{"line":6,"column":0},"end":{"line":6,"column":28}},"3":{"start":{"line":8,"column":0},"end":{"line":8,"column":51}},"4":{"start":{"line":10,"column":0},"end":{"line":10,"column":59}},"5":{"start":{"line":12,"column":0},"end":{"line":12,"column":95}},"6":{"start":{"line":12,"column":39},"end":{"line":12,"column":93}},"7":{"start":{"line":14,"column":0},"end":{"line":20,"column":1}},"8":{"start":{"line":15,"column":2},"end":{"line":15,"column":35}},"9":{"start":{"line":16,"column":2},"end":{"line":18,"column":3}},"10":{"start":{"line":17,"column":4},"end":{"line":17,"column":41}},"11":{"start":{"line":19,"column":2},"end":{"line":19,"column":54}},"12":{"start":{"line":21,"column":0},"end":{"line":21,"column":36}
[...]
       } else if (options.all_lowercase) {","          // Any other address","          parts[0] = parts[0].toLowerCase();","        }","        return parts.join('@');","      }","","      var version = '7.0.0';","","      var validator = {","        version: version,","        toDate: toDate,","        toFloat: toFloat,","        toInt: toInt,","        toBoolean: toBoolean,","        equals: equals,","        contains: contains,","        matches: matches,","        isEmail: isEmail,","        isURL: isURL,","        isMACAddress: isMACAddress,","        isIP: isIP,","        isFQDN: isFDQN,","        isBoolean: isBoolean,","        isAlpha: isAlpha,","        isAlphanumeric: isAlphanumeric,","        isNumeric: isNumeric,","        isLowercase: isLowercase,","        isUppercase: isUppercase,","        isAscii: isAscii,","        isFullWidth: isFullWidth,","        isHalfWidth: isHalfWidth,","        isVariableWidth: isVariableWidth,","        isMultibyte: isMultibyte,","        isSurrogatePair: isSurrogatePair,","        isInt: isInt,","        isFloat: isFloat,","        isDecimal: isDecimal,","        isHexadecimal: isHexadecimal,","        isDivisibleBy: isDivisibleBy,","        isHexColor: isHexColor,","        isMD5: isMD5,","        isJSON: isJSON,","        isEmpty: isEmpty,","        isLength: isLength,","        isByteLength: isByteLength,","        isUUID: isUUID,","        isMongoId: isMongoId,","        isAfter: isAfter,","        isBefore: isBefore,","        isIn: isIn,","        isCreditCard: isCreditCard,","        isISIN: isISIN,","        isISBN: isISBN,","        isISSN: isISSN,","        isMobilePhone: isMobilePhone,","        isCurrency: isCurrency,","        isISO8601: isISO8601,","        isBase64: isBase64,","        isDataURI: isDataURI,","        ltrim: ltrim,","        rtrim: rtrim,","        trim: trim,","        escape: escape,","        unescape: unescape,","        stripLow: stripLow,","        whitelist: whitelist,","        blacklist: blacklist,","        isWhitelisted: isWhitelisted,","        normalizeEmail: normalizeEmail,","        toString: toString","      };","","      return validator;","","}));"],"l":{"23":1,"24":1,"29":1,"30":0,"31":0,"35":1,"36":0,"37":0,"38":0,"41":1,"42":0,"43":0,"46":1,"47":0,"48":0,"51":1,"52":0,"53":0,"54":0,"56":0,"59":1,"60":0,"61":0,"64":1,"65":0,"67":0,"70":1,"71":1,"72":0,"75":1,"76":0,"78":1,"79":0,"80":0,"88":0,"89":0,"91":0,"92":0,"97":1,"98":0,"99":0,"100":0,"102":0,"103":0,"104":0,"106":0,"109":0,"112":0,"116":1,"117":0,"119":0,"123":0,"126":0,"127":0,"130":0,"134":0,"137":0,"139":0,"140":0,"142":0,"146":0,"148":0,"149":0,"153":1,"154":0,"155":0,"159":1,"160":0,"163":1,"164":0,"167":1,"168":0,"171":1,"173":0,"174":0,"178":0,"183":1,"184":0,"185":0,"186":0,"188":0,"190":0,"191":0,"193":0,"196":1,"197":0,"198":0,"201":1,"202":0,"203":0,"204":0,"206":0,"209":1,"210":0,"211":0,"213":0,"214":0,"215":0,"218":0,"222":1,"223":0,"224":0,"225":0,"226":0,"227":0,"228":0,"231":0,"232":0,"234":0,"235":0,"238":1,"244":1,"245":0,"246":0,"249":0,"250":0,"252":0,"253":0,"254":0,"255":0,"256":0,"259":0,"260":0,"261":0,"262":0,"264":0,"265":0,"267":0,"269":0,"271":0,"272":0,"275":0,"278":1,"287":1,"288":1,"289":1,"290":1,"291":1,"295":1,"296":0,"297":0,"299":0,"300":0,"301":0,"302":0,"303":0,"304":0,"308":0,"309":0,"310":0,"312":0,"313":0,"314":0,"317":0,"318":0,"321":0,"322":0,"325":0,"326":0,"327":0,"330":0,"332":0,"333":0,"334":0,"335":0,"339":0,"342":1,"343":1,"345":1,"346":0,"348":0,"349":0,"350":0,"351":0,"352":0,"353":0,"354":0,"356":0,"357":0,"359":0,"360":0,"361":0,"362":0,"368":0,"369":0,"371":0,"372":0,"375":0,"376":0,"377":0,"378":0,"379":0,"380":0,"381":0,"382":0,"383":0,"384":0,"387":0,"390":0,"391":0,"392":0,"394":0,"395":0,"398":0,"399":0,"402":0,"403":0,"405":0,"407":0,"410":1,"421":1,"423":1,"424":0,"427":1,"428":0,"429":0,"430":0,"431":0,"434":0,"437":1,"438":0,"439":0,"440":0,"442":0,"443":0,"445":0,"446":0,"455":0,"456":0,"458":0,"459":0,"461":0,"462":0,"463":0,"464":0,"465":0,"467":0,"468":0,"469":0,"470":0,"472":0,"474":0,"475":0,"477":0,"478":0,"481":0,"482":0,"483":0,"484":0,"485":0,"488":0,"490":0,"491":0,"492":0,"493":0,"494":0,"495":0,"497":0,"498":0,"499":0,"500":0,"504":0,"505":0,"506":0,"507":0,"511":0,"512":0,"515":0,"517":0,"518":0,"520":0,"521":0,"524":0,"527":1,"529":1,"530":0,"531":0,"534":1,"535":0,"536":0,"539":1,"558":1,"577":1,"579":1,"580":7,"581":7,"582":7,"585":1,"586":1,"589":1,"591":1,"592":17,"593":17,"594":17,"597":1,"598":0,"600":0,"601":0,"602":0,"604":0,"607":1,"608":0,"610":0,"611":0,"612":0,"614":0,"617":1,"619":1,"620":0,"621":0,"624":1,"625":0,"626":0,"629":1,"630":0,"631":0,"635":1,"638":1,"639":0,"640":0,"643":1,"645":1,"646":0,"647":0,"650":1,"652":1,"653":0,"654":0,"657":1,"658":0,"659":0,"663":1,"666":1,"667":0,"668":0,"671":1,"673":1,"674":0,"675":0,"678":1,"679":1,"681":1,"682":0,"683":0,"687":0,"690":0,"691":0,"692":0,"693":0,"695":0,"698":1,"700":1,"701":0,"702":0,"703":0,"704":0,"706":0,"709":1,"711":1,"712":0,"713":0,"716":1,"718":1,"719":0,"720":0,"723":1,"724":0,"725":0,"728":1,"730":1,"731":0,"732":0,"735":1,"737":1,"738":0,"739":0,"742":1,"743":0,"744":0,"745":0,"746":0,"748":0,"751":1,"752":0,"753":0,"757":1,"758":0,"759":0,"760":0,"761":0,"762":0,"763":0,"766":0,"767":0,"769":0,"770":0,"771":0,"774":1,"781":1,"782":0,"784":0,"785":0,"786":0,"789":1,"790":0,"791":0,"794":1,"795":0,"797":0,"798":0,"799":0,"800":0,"803":1,"804":0,"806":0,"807":0,"808":0,"809":0,"812":1,"813":0,"814":0,"815":0,"816":0,"817":0,"818":0,"819":0,"822":0,"823":0,"824":0,"825":0,"826":0,"828":0,"832":1,"835":1,"836":0,"837":0,"838":0,"839":0,"841":0,"842":0,"843":0,"844":0,"845":0,"846":0,"847":0,"848":0,"849":0,"850":0,"851":0,"853":0,"856":0,"858":0,"860":0,"863":1,"865":1,"866":0,"867":0,"868":0,"871":0,"872":0,"875":0,"876":0,"877":0,"878":0,"879":0,"880":0,"881":0,"882":0,"883":0,"884":0,"885":0,"887":0,"890":0,"892":0,"895":0,"898":1,"899":1,"900":1,"902":1,"903":0,"905":0,"906":0,"907":0,"908":0,"910":0,"911":0,"912":0,"913":0,"914":0,"915":0,"917":0,"918":0,"920":0,"921":0,"923":0,"925":0,"926":0,"928":0,"929":0,"930":0,"932":0,"933":0,"935":0,"936":0,"939":0,"942":1,"944":1,"945":0,"947":0,"948":0,"949":0,"950":0,"951":0,"952":0,"954":0,"955":0,"956":0,"957":0,"958":0,"959":0,"961":0,"962":0,"963":0,"965":0,"966":0,"967":0,"970":0,"971":0,"973":0,"974":0,"975":0,"978":0,"979":0,"984":0,"988":1,"1031":1,"1032":1,"1033":1,"1035":1,"1036":0,"1037":0,"1038":0,"1040":0,"1043":1,"1044":0,"1051":0,"1054":0,"1055":0,"1056":0,"1057":0,"1058":0,"1063":0,"1064":0,"1065":0,"1066":0,"1067":0,"1068":0,"1071":0,"1072":0,"1074":0,"1077":0,"1078":0,"1079":0,"1080":0,"1081":0,"1086":0,"1093":1,"1108":1,"1109":0,"1110":0,"1111":0,"1116":1,"1119":1,"1120":0,"1121":0,"1124":1,"1126":1,"1127":0,"1128":0,"1129":0,"1130":0,"1132":0,"1133":0,"1136":1,"1138":1,"1139":0,"1140":0,"1143":1,"1144":0,"1145":0,"1146":0,"1149":1,"1150":0,"1151":0,"1153":0,"1154":0,"1155":0,"1158":0,"1161":1,"1162":0,"1165":1,"1166":0,"1167":0,"1170":1,"1171":0,"1172":0,"1175":1,"1176":0,"1177":0,"1180":1,"1181":0,"1182":0,"1183":0,"1186":1,"1187":0,"1188":0,"1191":1,"1192":0,"1193":0,"1194":0,"1195":0,"1198":0,"1201":1,"1238":1,"1244":1,"1248":1,"1250":1,"1251":0,"1253":0,"1254":0,"1257":0,"1258":0,"1259":0,"1260":0,"1263":0,"1265":0,"1267":0,"1268":0,"1270":0,"1271":0,"1273":0,"1274":0,"1276":0,"1277":0,"1279":0,"1280":0,"1282":0,"1283":0,"1285":0,"1286":0,"1288":0,"1289":0,"1291":0,"1293":0,"1294":0,"1296":0,"1297":0,"1299":0,"1300":0,"1302":0,"1304":0,"1305":0,"1306":0,"1308":0,"1309":0,"1311":0,"1312":0,"1314":0,"1316":0,"1318":0,"1321":1,"1323":1,"1387":1}},"/home/travis/build/npmtest/node-npmtest-validator/node_modules/validator/lib/isDate.js":{"path":"/home/travis/build/npmtest/node-npmtest-validator/node_modules/validator/lib/isDate.js","s":{"1":1,"2":1,"3":1,"4":1,"5":1,"6":1,"7":1,"8":1,"9":0,"10":0,"11":0,"12":0,"13":0,"14":0,"15":0,"16":0,"17":0,"18":0,"19":0,"20":0,"21":0,"22":0,"23":0,"24":0,"25":0,"26":0,"27":0,"28":0,"29":0,"30":0,"31":0,"32":0,"33":0,"34":0,"35":0,"36":0,"37":1,"38":0,"39":0,"40":0,"41":0,"42":0,"43":0,"44":0,"45":0,"46":0,"47":0,"48":0,"49":0,"50":0,"51":0,"52":0,"53":0,"54":0,"55":0,"56":0,"57":0,"58":0,"59":1},"b":{"1":[0,1],"2":[1,1],"3":[0,0],"4":[0,0],"5":[0,0],"6":[0,0],"7":[0,0],"8":[0,0],"9":[0,0],"10":[0,0],"11":[0,0],"12":[0,0],"13":[0,0],"14":[0,0],"15":[0,0],"16":[0,0],"17":[0,0],"18":[0,0],"19":[0,0],"20":[0,0]},"f":{"1":1,"2":0,"3":0,"4":0},"fnMap":{"1":{"name":"_interopRequireDefault","line":14,"loc":{"start":{"line":14,"column":0},"end":{"line":14,"column":37}}},"2":{"name":"getTimezoneOffset","line":16,"loc":{"start":{"line":16,"column":0},"end":{"line":16,"column":32}}},"3":{"name":"isDate","line":61,"loc":{"start":{"line":61,"column":0},"end":{"line":61,"column":21}}},"4":{"name":"(anonymous_4)","line":88,"loc":{"start":{"line":88,"column":35},"end":{"line":88,"column":58}}}},"statementMap":{"1":{"start":{"line":3,"column":0},"end":{"line":5,"column":3}},"2":{"start":{"line":6,"column":0},"end":{"line":6,"column":25}},"3":{"start":{"line":8,"column":0},"end":{"line":8,"column":51}},"4":{"start":{"line":10,"column":0},"end":{"line":10,"column":59}},"5":{"start":{"line":12,"column":0},"end":{"line":12,"column":36}},"6":{"start":{"line":14,"column":0},"end":{"line":14,"column":95}},"7":{"start":{"line":14,"column":39},"end":{"line":14,"column":93}},"8":{"start":{"line":16,"column":0},"end":{"line":59,"column":1}},"9":{"start":{"line":17,"column":2},"end":{"line":17,"column":47}},"10":{"start":{"line":18,"column":2},"end":{"line":21,"column":23}},"11":{"start":{"line":22,"column":2},"end":{"line":57,"column":3}},"12":{"start":{"line":23,"column":4},"end":{"line":23,"column":28}},"13":{"start":{"line":24,"column":4},"end":{"line":24,"column":63}},"14":{"start":{"line":25,"column":4},"end":{"line":27,"column":5}},"15":{"start":{"line":26,"column":6},"end":{"line":26,"column":50}},"16":{"start":{"line":28,"column":4},"end":{"line":28,"column":23}},"17":{"start":{"line":29,"column":4},"end":{"line":29,"column":29}},"18":{"start":{"line":30,"column":4},"end":{"line":32,"column":5}},"19":{"start":{"line":31,"column":6},"end":{"line":31,"column":28}},"20":{"start":{"line":33,"column":4},"end":{"line":39,"column":5}},"21":{"start":{"line":34,"column":6},"end":{"line":34,"column":16}},"22":{"start":{"line":35,"column":6},"end":{"line":35,"column":37}},"23":{"start":{"line":37,"column":6},"end":{"line":37,"column":47}},"24":{"start":{"line":38,"column":6},"end":{"line":38,"column":49}},"25":{"start":{"line":41,"column":4},"end":{"line":41,"column":32}},"26":{"start":{"line":42,"column":4},"end":{"line":45,"column":5}},"27":{"start":{"line":44,"column":6},"end":{"line":44,"column":42}},"28":{"start":{"line":46,"column":4},"end":{"line":48,"column":5}},"29":{"start":{"line":47,"column":6},"end":{"line":47,"column":15}},"30":{"start":{"line":49,"column":4},"end":{"line":49,"column":28}},"31":{"start":{"line":50,"column":4},"end":{"line":56,"column":5}},"32":{"start":{"line":51,"column":6},"end":{"line":51,"column":45}},"33":{"start":{"line":52,"column":6},"end":{"line":52,"column":47}},"34":{"start":{"line":54,"column":6},"end":{"line":54,"column":16}},"35":{"start":{"line":55,"column":6},"end":{"line":55,"column":47}},"36":{"start":{"line":58,"column":2},"end":{"line":58,"column":58}},"37":{"start":{"line":61,"column":0},"end":{"line":99,"column":1}},"38":{"start":{"line":62,"column":2},"end":{"line":62,"column":35}},"39":{"start":{"line":63,"column":2},"end":{"line":63,"column":49}},"40":{"start":{"line":64,"column":2},"end":{"line":66,"column":3}},"41":{"start":{"line":65,"column":4},"end":{"line":65,"column":17}},"42":{"start":{"line":71,"column":2},"end":{"line":71,"column":46}},"43":{"start":{"line":72,"column":2},"end":{"line":75,"column":3}},"44":{"start":{"line":73,"column":4},"end":{"line":73,"column":81}},"45":{"start":{"line":74,"column":4},"end":{"line":74,"column":85}},"46":{"start":{"line":77,"column":2},"end":{"line":77,"column":45}},"47":{"start":{"line":78,"column":2},"end":{"line":80,"column":20}},"48":{"start":{"line":84,"column":2},"end":{"line":84,"column":63}},"49":{"start":{"line":85,"column":2},"end":{"line":87,"column":3}},"50":{"start":{"line":86,"column":4},"end":{"line":86,"column":16}},"51":{"start":{"line":88,"column":2},"end":{"line":90,"column":15}},"52":{"start":{"line":89,"column":4},"end":{"line":89,"column":40}},"53":{"start":{"line":92,"column":2},"end":{"line":92,"column":56}},"54":{"start":{"line":93,"column":2},"end":{"line":97,"column":3}},"55":{"start":{"line":94,"column":4},"end":{"line":94,"column":16}},"56":{"start":{"line":95,"column":9},"end":{"line":97,"column":3}},"57":{"start":{"line":96,"column":4},"end":{"line":96,"column":16}},"58":{"start":{"line":98,"column":2},"end":{"line":98,"column":15}},"59":{"start":{"line":100,"column":0},"end":{"line":100,"column":36}}},"branchMap":{"1":{"line":14,"type":"cond-expr","locations":[{"start":{"line":14,"column":70},"end":{"line":14,"column":73}},{"start":{"line":14,"column":76},"end":{"line":14,"column":92}}]},"2":{"line":14,"type":"binary-expr","locations":[{"start":{"line":14,"column":46},"end":{"line":14,"column":49}},{"start":{"line":14,"column":53},"end":{"line":14,"column":67}}]},"3":{"line":22,"type":"if","locations":[{"start":{"line":22,"column":2},"end":{"line":22,"column":2}},{"start":{"line":22,"column":2},"end":{"line":22,"column":2}}]},"4":{"line":25,"type":"if","locations":[{"start":{"line":25,"column":4},"end":{"line":25,"column":4}},{"start":{"line":25,"column":4},"end":{"line":25,"column":4}}]},"5":{"line":26,"type":"cond-expr","locations":[{"start":{"line":26,"column":41},"end":{"line":26,"column":42}},{"start":{"line":26,"column":45},"end":{"line":26,"column":49}}]},"6":{"line":30,"type":"if","locations":[{"start":{"line":30,"column":4},"end":{"line":30,"column":4}},{"start":{"line":30,"column":4},"end":{"line":30,"column":4}}]},"7":{"line":33,"type":"if","locations":[{"start":{"line":33,"column":4},"end":{"line":33,"column":4}},{"start":{"line":33,"column":4},"end":{"line":33,"column":4}}]},"8":{"line":42,"type":"if","locations":[{"start":{"line":42,"column":4},"end":{"line":42,"column":4}},{"start":{"line":42,"column":4},"end":{"line":42,"column":4}}]},"9":{"line":44,"type":"cond-expr","locations":[{"start":{"line":44,"column":33},"end":{"line":44,"column":34}},{"start":{"line":44,"column":37},"end":{"line":44,"column":41}}]},"10":{"line":46,"type":"if","locations":[{"start":{"line":46,"column":4},"end":{"line":46,"column":4}},{"start":{"line":46,"column":4},"end":{"line":46,"column":4}}]},"11":{"line":46,"type":"binary-expr","locations":[{"start":{"line":46,"column":8},"end":{"line":46,"column":24}},{"start":{"line":46,"column":28},"end":{"line":46,"column":44}}]},"12":{"line":50,"type":"if","locations":[{"start":{"line":50,"column":4},"end":{"line":50,"column":4}},{"start":{"line":50,"column":4},"end":{"line":50,"column":4}}]},"13":{"line":58,"type":"cond-expr","locations":[{"start":{"line":58,"column":50},"end":{"line":58,"column":51}},{"start":{"line":58,"column":54},"end":{"line":58,"column":56}}]},"14":{"line":64,"type":"if","locations":[{"start":{"line":64,"column":2},"end":{"line":64,"column":2}},{"start":{"line":64,"column":2},"end":{"line":64,"column":2}}]},"15":{"line":72,"type":"if","locations":[{"start":{"line":72,"column":2},"end":{"line":72,"column":2}},{"start":{"line":72,"column":2},"end":{"line":72,"column":2}}]},"16":{"line":85,"type":"if","locations":[{"start":{"line":85,"column":2},"end":{"line":85,"column":2}},{"start":{"line":85,"column":2},"end":{"line":85,"column":2}}]},"17":{"line":93,"type":"if","locations":[{"start":{"line":93,"column":2},"end":{"line":93,"column":2}},{"start":{"line":93,"column":2},"end":{"line":93,"column":2}}]},"18":{"line":93,"type":"binary-expr","locations":[{"start":{"line":93,"column":6},"end":{"line":93,"column":23}},{"start":{"line":93,"column":27},"end":{"line":93,"column":45}}]},"19":{"line":95,"type":"if","locations":[{"start":{"line":95,"column":9},"end":{"line":95,"column":9}},{"start":{"line":95,"column":9},"end":{"line":95,"column":9}}]},"20":{"line":95,"type":"binary-expr","locations":[{"start":{"line":95,"column":13},"end":{"line":95,"column":42}},{"start":{"line":95,"column":46},"end":{"line":95,"column":75}}]}},"code":["'use strict';","","Object.defineProperty(exports, \"__esModule\", {","  value: true","});","exports.default = isDate;","","var _assertString = require('./util/assertString');","","var _assertString2 = _interopRequireDefault(_assertString);","","var _isISO = require('./isISO8601');","","function _interopRequireDefault(obj) { return obj && obj.__esModule ? obj : { default: obj }; }","","function getTimezoneOffset(str) {","  var iso8601Parts = str.match(_isISO.iso8601);","  var timezone = void 0,","      sign = void 0,","      hours = void 0,","      minutes = void 0;","  if (!iso8601Parts) {","    str = str.toLowerCase();","    timezone = str.match(/(?:\\s|gmt\\s*)(-|\\+)(\\d{1,4})(\\s|$)/);","    if (!timezone) {","      return str.indexOf('gmt') !== -1 ? 0 : null;","    }","    sign = timezone[1];","    var offset = timezone[2];","    if (offset.length === 3) {","      offset = '0' + offset;","    }","    if (offset.length <= 2) {","      hours = 0;","      minutes = parseInt(offset, 10);","    } else {","      hours = parseInt(offset.slice(0, 2), 10);","      minutes = parseInt(offset.slice(2, 4), 10);","    }","  } else {","    timezone = iso8601Parts[21];","    if (!timezone) {","      // if no hour/minute was provided, the date is GMT","      return !iso8601Parts[12] ? 0 : null;","    }","    if (timezone === 'z' || timezone === 'Z') {","      return 0;","    }","    sign = iso8601Parts[22];","    if (timezone.indexOf(':') !== -1) {","      hours = parseInt(iso8601Parts[23], 10);","      minutes = parseInt(iso8601Parts[24], 10);","    } else {","      hours = 0;","      minutes = parseInt(iso8601Parts[23], 10);","    }","  }","  return (hours * 60 + minutes) * (sign === '-' ? 1 : -1);","}","","function isDate(str) {","  (0, _assertString2.default)(str);","  var normalizedDate = new Date(Date.parse(str));","  if (isNaN(normalizedDate)) {","    return false;","  }","","  // normalizedDate is in the user's timezone. Apply the input","  // timezone offset to the date so that the year and day match","  // the input","  var timezoneOffset = getTimezoneOffset(str);","  if (timezoneOffset !== null) {","    var timezoneDifference = normalizedDate.getTimezoneOffset() - timezoneOffset;","    normalizedDate = new Date(normalizedDate.getTime() + 60000 * timezoneDifference);","  }","","  var day = String(normalizedDate.getDate());","  var dayOrYear = void 0,","      dayOrYearMatches = void 0,","      year = void 0;","  // check for valid double digits that could be late days","  // check for all matches since a string like '12/23' is a valid date","  // ignore everything with nearby colons","  dayOrYearMatches = str.match(/(^|[^:\\d])[23]\\d([^T:\\d]|$)/g);","  if (!dayOrYearMatches) {","    return true;","  }","  dayOrYear = dayOrYearMatches.map(function (digitString) {","    return digitString.match(/\\d+/g)[0];","  }).join('/');","","  year = String(normalizedDate.getFullYear()).slice(-2);","  if (dayOrYear === day || dayOrYear === year) {","    return true;","  } else if (dayOrYear === '' + day / year || dayOrYear === '' + year / day) {","    return true;","  }","  return false;","}","module.exports = exports['default'];"],"l":{"3":1,"6":1,"8":1,"10":1,"12":1,"14":1,"16":1,"17":0,"18":0,"22":0,"23":0,"24":0,"25":0,"26":0,"28":0,"29":0,"30":0,"31":0,"33":0,"34":0,"35":0,"37":0,"38":0,"41":0,"42":0,"44":0,"46":0,"47":0,"49":0,"50":0,"51":0,"52":0,"54":0,"55":0,"58":0,"61":1,"62":0,"63":0,"64":0,"65":0,"71":0,"72":0,"73":0,"74":0,"77":0,"78":0,"84":0,"85":0,"86":0,"88":0,"89":0,"92":0,"93":0,"94":0,"95":0,"96":0,"98":0,"100":1}}}